[07:39:36.419] [Info] Root: Preparing Root...
[07:39:36.419] [Info] Root: Done preparing Root.
[07:39:36.419] [Info] Client Version 1.3.2 (windows x86_64) Source ID: 4d70cfed23093a8e5abe06d662c6a5610fefc596 Protocol: 743
[07:39:36.420] [Info] Root: Scanning for asset sources in directory '..\assets\'
[07:39:36.805] [Info] Root: Scanning for asset sources in directory '..\mods\'
[07:39:36.805] [Warn] Root: Unrecognized file in asset directory 'mods_go_here', skipping
[07:39:36.805] [Info] Root: Detected asset source named 'base' at '..\assets\packed.pak'
[07:39:36.805] [Info] Root: Detected unnamed asset source at '..\assets\user'
[07:39:36.806] [Info] Loading assets from: '..\assets\packed.pak'
[07:39:37.272] [Info] Loading assets from: '..\assets\user'
[07:39:37.780] [Info] Assets digest is 563ff626b877e7d080472517395bc6c4eda613eaf6ac1576e95136a4ca9b3d64
[07:39:37.781] [Info] Root: Loaded Assets in 1.36095 seconds
[07:39:37.784] [Info] Application: Initializing SDL Video
[07:39:37.840] [Info] Application: Initializing SDL Joystick
[07:39:38.114] [Info] Application: Initializing SDL Sound
[07:39:38.885] [Info] Initialized Steam services
[07:39:38.901] [Info] Application: Creating SDL Window
[07:39:41.451] [Info] Application: Enabling VSync with late swap tearing
[07:39:41.706] [Info] Application: Opened default audio device with 44.1khz / 16 bit stereo audio, 2048 sample size buffer
[07:39:41.724] [Info] OpenGL version: '4.5.0 NVIDIA 382.05' vendor: 'NVIDIA Corporation' renderer: 'GeForce GTX 745/PCIe/SSE2' shader: '4.50 NVIDIA'
[07:39:43.162] [Info] Application: initialization...
[07:39:43.162] [Info] Root: no runtime config file, creating new default runtime config
[07:39:43.162] [Info] Root: Loaded Configuration in 0.000161082 seconds
[07:39:43.165] [Info] Application: renderer initialization...
[07:39:43.177] [Info] detected supported OpenGL texture size 16384, using atlasNumCells 128
[07:39:43.178] [Info] detected supported OpenGL texture size 16384, using atlasNumCells 64
[07:39:43.179] [Info] Root: Loaded ImageMetadataDatabase in 1.1404e-06 seconds
[07:39:43.193] [Info] Application: main update loop...
[07:39:43.224] [Info] No subscribed user generated content
[07:39:43.240] [Info] Root: Loaded NameGenerator in 0.0162086 seconds
[07:39:43.333] [Info] Root: Loaded PlantDatabase in 0.0924901 seconds
[07:39:43.467] [Info] Root: Loaded ObjectDatabase in 0.243204 seconds
[07:39:43.584] [Info] Root: Loaded MonsterDatabase in 0.117051 seconds
[07:39:43.609] [Info] Root: Loaded NpcDatabase in 0.0244891 seconds
[07:39:43.610] [Info] Root: Loaded StagehandDatabase in 0.000794293 seconds
[07:39:43.611] [Info] Root: Loaded VehicleDatabase in 0.00184489 seconds
[07:39:43.614] [Info] Root: Loaded PlayerFactory in 0.00203477 seconds
[07:39:43.725] [Info] Root: Loaded ProjectileDatabase in 0.392408 seconds
[07:39:43.775] [Info] Root: Loaded VersioningDatabase in 0.0499949 seconds
[07:39:43.775] [Info] Root: Loaded EntityFactory in 0.16167 seconds
[07:39:43.811] [Info] Root: Loaded ParticleDatabase in 0.0352925 seconds
[07:39:43.992] [Info] Root: Loaded MaterialDatabase in 0.216711 seconds
[07:39:43.996] [Info] Root: Loaded TerrainDatabase in 0.00395892 seconds
[07:39:44.022] [Info] Root: Loaded BiomeDatabase in 0.0256683 seconds
[07:39:44.023] [Info] Root: Loaded LiquidsDatabase in 0.000554523 seconds
[07:39:44.028] [Info] Root: Loaded StatusEffectDatabase in 0.00534395 seconds
[07:39:44.226] [Info] Root: Loaded DamageDatabase in 0.197788 seconds
[07:39:44.229] [Info] Root: Loaded EffectSourceDatabase in 0.00342692 seconds
[07:39:44.237] [Info] Root: Loaded FunctionDatabase in 0.00759796 seconds
[07:39:44.256] [Info] Root: Loaded TreasureDatabase in 0.0192378 seconds
[07:39:44.440] [Info] Root: Loaded DungeonDefinitions in 0.18398 seconds
[07:39:44.440] [Info] Root: Loaded TilesetDatabase in 4.30504e-05 seconds
[07:39:44.441] [Info] Root: Loaded StatisticsDatabase in 0.00133257 seconds
[07:39:44.442] [Info] Root: Loaded EmoteProcessor in 5.10332e-05 seconds
[07:39:44.445] [Info] Root: Loaded SpeciesDatabase in 0.00362963 seconds
[07:39:44.454] [Info] Root: Loaded QuestTemplateDatabase in 0.00863488 seconds
[07:39:44.455] [Info] Root: Loaded AiDatabase in 0.000972482 seconds
[07:39:44.456] [Info] Root: Loaded TechDatabase in 0.000618671 seconds
[07:39:44.459] [Info] Root: Loaded CodexDatabase in 0.00334082 seconds
[07:39:44.656] [Info] Root: Loaded BehaviorDatabase in 0.19689 seconds
[07:39:44.658] [Info] Root: Loaded DanceDatabase in 0.00199058 seconds
[07:39:44.662] [Info] Root: Loaded SpawnTypeDatabase in 0.00412428 seconds
[07:39:44.665] [Info] Root: Loaded RadioMessageDatabase in 0.00260383 seconds
[07:39:45.888] [Info] Root: Loaded ItemDatabase in 2.16278 seconds
[07:39:45.985] [Info] Root: Loaded CollectionDatabase in 1.31953 seconds
[07:39:46.066] [Info] Creating player storage directory
[07:39:46.236] [Info] detected supported OpenGL texture size 16384, using atlasNumCells 256
[07:39:46.423] [Info] Root: Writing runtime configuration to '..\storage\starbound.config'
[07:40:51.614] [Info] Root: Writing runtime configuration to '..\storage\starbound.config'
[07:50:51.621] [Info] UniverseServer: Creating universe storage directory
[07:50:51.622] [Info] UniverseServer: Acquiring universe lock file
[07:50:51.665] [Info] UniverseServer: Loading settings
[07:50:51.667] [Info] UniverseServer: Starting UniverseServer with UUID: 326a9c3f970f20ce50947c268c7dcc60
[07:50:51.673] [Info] UniverseServer: Logged in player 'Vorhassa' locally
[07:50:51.673] [Info] UniverseServer: Logged in account '<anonymous>' as player 'Vorhassa' from address local
[07:50:51.750] [Info] UniverseServer: Spawning player in intro instance protectorate
[07:50:51.750] [Info] UniverseServer: Client 'Vorhassa' <1> (local) connected
[07:50:51.763] [Info] UniverseClient: Joined server as client 1
[07:50:51.850] [Info] UniverseServer: Creating new client ship world ClientShipWorld:95a627f58d86f05b9b39a2e3dd1bc358
[07:50:52.007] [Info] detected supported OpenGL texture size 16384, using atlasNumCells 64
[07:50:52.007] [Info] detected supported OpenGL texture size 16384, using atlasNumCells 128
[07:50:52.008] [Info] Protected dungeonIds for world set to (65524)
[07:50:52.021] [Info] detected supported OpenGL texture size 16384, using atlasNumCells 256
[07:50:52.021] [Info] detected supported OpenGL texture size 16384, using atlasNumCells 256
[07:50:52.022] [Info] Setting steam rich presence connection as steam id 76561198101765637
[07:50:52.173] [Info] UniverseServer: Creating temporary instance world 'InstanceWorld:protectorate:95a627f58d86f05b9b39a2e3dd1bc358:-' with expiry time 0
[07:50:52.271] [Info] Protected dungeonIds for world set to (65524)
[07:50:52.271] [Info] Placing dungeon protectorate
[07:50:52.271] [Info] Forcing generation of dungeon protectorate
[07:50:52.287] [Info] Placing dungeon at (0, 1000)
[07:50:52.479] [Info] Flying ship for player 1 to new starter world
[07:50:52.481] [Info] Searching for new randomized starter world
[07:50:52.482] [Info] UniverseServer: Stopping idle world ClientShipWorld:95a627f58d86f05b9b39a2e3dd1bc358
[07:50:55.802] [Warn] Failed to place dungeon object: protectoratesmokegen direction: 1 position: (687, 801)
[07:50:55.802] [Warn] Failed to place dungeon object: protectoratesmokegen direction: 1 position: (717, 801)
[07:50:55.803] [Warn] Failed to place dungeon object: protectoratefbannertorn1 direction: 1 position: (725, 802)
[07:50:55.937] [Warn] Failed to place dungeon object: protectoratesmokegen direction: 1 position: (703, 826)
[07:50:55.938] [Warn] Failed to place dungeon object: protectoratesmokegen direction: 1 position: (703, 827)
[07:50:55.941] [Warn] Failed to place dungeon object: protectoratesmokegen direction: 1 position: (700, 828)
[07:50:57.170] [Info] Protected dungeonIds for world set to (0, 65524)
[07:50:59.487] [Info] UniverseServer: Warping player 1 to InstanceWorld:protectorate:95a627f58d86f05b9b39a2e3dd1bc358:-
[07:51:00.390] [Info] UniverseServer: Found randomized starter world at -556170139:-945831092:-272712977:9
[07:51:00.457] [Info] UniverseServer: Creating new system world at location (-556170139, -945831092, -272712977)
[07:51:00.464] [Info] UniverseServer: Creating celestial world -556170139:-945831092:-272712977:9
[07:51:00.698] [Info] Protected dungeonIds for world set to (65524)
[07:51:00.698] [Info] Placing dungeon naturalcave
[07:51:00.744] [Info] Generating dungeon naturalcave
[07:51:00.745] [Info] Placing dungeon at (1074, 675)
[07:51:01.062] [Warn] Failed to place dungeon object: metalbarrel1 direction: 1 position: (1208, 470)
[07:51:01.063] [Warn] Failed to place dungeon object: woodencrate1 direction: 1 position: (1211, 470)
[07:51:01.063] [Warn] Failed to place dungeon object: midjar1 direction: 0 position: (1213, 470)
[07:51:01.063] [Warn] Failed to place dungeon object: talljar1 direction: 0 position: (838, 484)
[07:51:01.063] [Warn] Failed to place dungeon object: woodencrate1 direction: 0 position: (840, 484)
[07:51:01.063] [Warn] Failed to place dungeon object: metalbarrel1 direction: 1 position: (842, 484)
[07:51:01.094] [Warn] Failed to place dungeon object: metalbarrel1 direction: 1 position: (1190, 501)
[07:51:01.122] [Warn] Failed to place dungeon object: metalbarrel1 direction: 0 position: (928, 519)
[07:51:01.136] [Warn] Failed to place dungeon object: metalbarrel1 direction: 1 position: (1112, 528)
[07:51:01.144] [Warn] Failed to place dungeon object: oillantern1 direction: 0 position: (1255, 537)
[07:51:01.146] [Warn] Failed to place dungeon object: metalbarrel1 direction: 1 position: (889, 539)
[07:51:01.167] [Warn] Failed to place dungeon object: metalbarrel1 direction: 1 position: (1193, 556)
[07:51:01.172] [Warn] Failed to place dungeon object: metalbarrel1 direction: 1 position: (1193, 559)
[07:51:01.206] [Warn] Failed to place dungeon object: metalbarrel1 direction: 0 position: (1319, 581)
[07:51:01.615] [Info] Placing dungeon gardengate
[07:51:01.795] [Info] Generating dungeon gardengate
[07:51:01.796] [Info] Placing dungeon at (2654, 675)
[07:51:01.858] [Info] Protected dungeonIds for world set to (1, 65524)
[07:51:04.516] [Info] UniverseServer: Arriving ship for player 1 at -556170139:-945831092:-272712977:9
[07:51:04.516] [Info] UniverseServer: Loading client ship world ClientShipWorld:95a627f58d86f05b9b39a2e3dd1bc358
[07:51:04.647] [Info] Protected dungeonIds for world set to (65524)
[07:51:04.917] [Info] UniverseServer: Stopping idle world CelestialWorld:-556170139:-945831092:-272712977:9
[07:51:05.570] [Info] UniverseServer: Stopping idle world ClientShipWorld:95a627f58d86f05b9b39a2e3dd1bc358
[07:51:15.422] [Info] Chat: <SAIL> To interact with a nearby person, door, or other object, you should hover over it with your cursor and press E, if you are awake enough to do so.
[07:51:54.230] [Info] Chat: <SAIL> Remember, you can open a door by hovering over it with your cursor and pressing E.
[07:53:00.362] [Info] Chat: <SAIL> Your uniform is available to collect from your personal locker... It is quite impressive that you can remain so serene when you are running so late. Well done you.
[08:01:49.805] [Info] Chat: <SAIL> It is not safe to remain here! Please take the Matter Manipulator. You must proceed to the shuttle pad!
[08:02:14.132] [Info] Chat: <SAIL> It appears the ceiling has collapsed. The Matter Manipulator can be used to clear this dirt. Press the R key to equip it, then click and hold on the pile of dirt to dig through it.
[08:02:34.012] [Info] Chat: <SAIL> You can get past this dirt using your Matter Manipulator. Press the R key to equip it.
[08:03:41.831] [Info] Chat: <SAIL> The scale of this disaster is immeasurable; the destruction occurring is beyond my capacity to quantify. You must leave this planet immediately.
[08:03:50.541] [Info] Chat: <SAIL> To jump down from a platform like this you should hold S to crouch then tap spacebar.
[08:04:26.231] [Info] Chat: <SAIL> The chest sitting on that conveyor belt should contain some kind of weapon. Please arm yourself!
[08:04:46.376] [Info] Chat: <SAIL> Access a weapon with ease by placing it in one of the action bar slots at the top of the screen, then pressing the corresponding number key to equip or unequip it.
[08:04:57.689] [Info] Chat: <SAIL> I have bypassed the preflight checks. Get aboard!
[08:05:10.537] [Info] UniverseServer: Loading client ship world ClientShipWorld:95a627f58d86f05b9b39a2e3dd1bc358
[08:05:10.663] [Info] Protected dungeonIds for world set to (65524)
[08:05:10.838] [Info] UniverseServer: Warping player 1 to ClientShipWorld:95a627f58d86f05b9b39a2e3dd1bc358
[08:05:10.847] [Info] UniverseServer: Stopping idle world InstanceWorld:protectorate:95a627f58d86f05b9b39a2e3dd1bc358:-
[08:05:10.851] [Info] Client received world stop packet, leaving: Removed
[08:05:11.537] [Info] UniverseServer: Expiring temporary world InstanceWorld:protectorate:95a627f58d86f05b9b39a2e3dd1bc358:-
[08:05:13.268] [Info] Chat: System is down, please reboot.
[08:05:26.831] [Info] Chat: Please reboot the system.
[08:05:40.378] [Info] Chat: Reboot process remains uninitiated.
[08:05:53.924] [Info] Chat: To make use of your S.A.I.L please reboot.
[08:06:07.470] [Info] Chat: Rebooting has shown to improve ship interaction satisfaction levels by 73%.
[08:06:21.033] [Info] Chat: Rebooting requires a conscious entity to interact with the S.A.I.L console.
[08:06:39.170] [Info] Chat: Rebooting...
[08:06:43.911] [Info] Chat: I am S.A.I.L, your Ship-based Artificial Intelligence Lattice. I manage the maintainance of your ship.
[08:06:48.759] [Info] Chat: I am also programmed to offer you information and advice.
[08:06:53.592] [Info] Chat: Earth was attacked by an unknown force, and was subsequently annihilated.
[08:06:53.791] [Info] Chat: The ship's navigation systems were damaged in our escape. Our location is currently unknown.
[08:07:41.003] [Info] UniverseServer: Loading celestial world -556170139:-945831092:-272712977:9
[08:07:41.141] [Info] Protected dungeonIds for world set to (1, 65524)
[08:07:41.204] [Info] UniverseServer: Warping player 1 to CelestialWorld:-556170139:-945831092:-272712977:9
[08:07:41.207] [Info] Client received world stop packet, leaving: Removed
[08:07:41.210] [Info] UniverseServer: Stopping idle world ClientShipWorld:95a627f58d86f05b9b39a2e3dd1bc358
[08:08:20.406] [Info] Chat: <SAIL> You have found some wood. My databanks tell me wood is a material with a great many uses. I suggest you kill additional trees and explore your crafting menu.
[08:09:43.116] [Info] Chat: <SAIL> I see that you've discovered some seeds. I suggest planting them in some tilled soil, and watering them until they grow. The tools you need can be built at a foraging table.
[08:10:28.209] [Info] Chat: <SAIL> You discovered some ore. Ore can be turned into bars using a furnace, bars are useful for crafting a wide range of equipment that may increase your life expectancy.
[08:12:17.887] [Info] UniverseServer: Loading client ship world ClientShipWorld:95a627f58d86f05b9b39a2e3dd1bc358
[08:12:17.989] [Info] Protected dungeonIds for world set to (65524)
[08:12:18.190] [Info] UniverseServer: Warping player 1 to ClientShipWorld:95a627f58d86f05b9b39a2e3dd1bc358
[08:12:18.199] [Info] UniverseServer: Stopping idle world CelestialWorld:-556170139:-945831092:-272712977:9
[08:12:18.205] [Info] Client received world stop packet, leaving: Removed
[08:15:02.766] [Info] UniverseServer: Loading celestial world -556170139:-945831092:-272712977:9
[08:15:02.900] [Info] Protected dungeonIds for world set to (1, 65524)
[08:15:02.968] [Info] UniverseServer: Warping player 1 to CelestialWorld:-556170139:-945831092:-272712977:9
[08:15:02.974] [Info] UniverseServer: Stopping idle world ClientShipWorld:95a627f58d86f05b9b39a2e3dd1bc358
[08:15:02.974] [Info] Client received world stop packet, leaving: Removed
[08:15:34.987] [Info] Chat: <SAIL> My scans indicate there is some kind of archaic energy source on this planet. I estimate a 32% chance that it is worth investigating, and a 98% chance that you have nothing better to do.
[08:16:54.333] [Info] UniverseServer: Loading client ship world ClientShipWorld:95a627f58d86f05b9b39a2e3dd1bc358
[08:16:54.445] [Info] Protected dungeonIds for world set to (65524)
[08:16:54.636] [Info] UniverseServer: Warping player 1 to ClientShipWorld:95a627f58d86f05b9b39a2e3dd1bc358
[08:16:54.644] [Info] UniverseServer: Stopping idle world CelestialWorld:-556170139:-945831092:-272712977:9
[08:16:54.649] [Info] Client received world stop packet, leaving: Removed
[08:18:28.612] [Info] UniverseServer: Loading celestial world -556170139:-945831092:-272712977:9
[08:18:28.744] [Info] Protected dungeonIds for world set to (1, 65524)
[08:18:28.813] [Info] UniverseServer: Warping player 1 to CelestialWorld:-556170139:-945831092:-272712977:9
[08:18:28.819] [Info] UniverseServer: Stopping idle world ClientShipWorld:95a627f58d86f05b9b39a2e3dd1bc358
[08:18:28.822] [Info] Client received world stop packet, leaving: Removed
[08:19:10.198] [Info] Chat: <SAIL> My scans are picking up an unknown radio signal around this archaic energy source. I will patch it through to you now.
[08:19:16.980] [Info] Chat: <???> If you've picked up this message, you must have found an Ancient Gateway - please use it to come and find me. You can power up the Gate with Core Fragments.
[08:19:27.728] [Info] Chat: <SAIL> I have scanned for nearby Core Fragments. They appear naturally within the geology of this planet; readings suggest numerous ore clusters deep below the ground, near the planet's centre.
[08:21:18.349] [Info] Chat: <SAIL> It seems you have discovered fire. My databanks tell me you're the 714 billionth person to do so. Well done! You can use the fire to cook food!
[08:28:30.858] [Info] UniverseServer: Loading client ship world ClientShipWorld:95a627f58d86f05b9b39a2e3dd1bc358
[08:28:30.977] [Info] Protected dungeonIds for world set to (65524)
[08:28:31.160] [Info] UniverseServer: Warping player 1 to ClientShipWorld:95a627f58d86f05b9b39a2e3dd1bc358
[08:28:31.166] [Info] Client received world stop packet, leaving: Removed
[08:28:31.169] [Info] UniverseServer: Stopping idle world CelestialWorld:-556170139:-945831092:-272712977:9
[08:29:15.328] [Info] UniverseServer: Loading celestial world -556170139:-945831092:-272712977:9
[08:29:15.462] [Info] Protected dungeonIds for world set to (1, 65524)
[08:29:15.529] [Info] UniverseServer: Warping player 1 to CelestialWorld:-556170139:-945831092:-272712977:9
[08:29:15.536] [Info] UniverseServer: Stopping idle world ClientShipWorld:95a627f58d86f05b9b39a2e3dd1bc358
[08:29:15.537] [Info] Client received world stop packet, leaving: Removed
[08:29:53.530] [Info] Chat: <SAIL> You discovered some plant fibre. This can be woven into useful fabrics at a spinning wheel.
[08:34:30.524] [Info] Chat: <SAIL> The weakness you are feeling is likely due to hunger. You should find something to eat in order to maintain your body's functionality.
[08:35:42.954] [Info] Chat: <SAIL> Did you just craft an inventor's table? I estimate your chances of survival have improved by 7.2%.
[08:51:47.450] [Info] Chat: <SAIL> You are starving! It is imperative that you obtain and consume some food immediately.
[08:51:59.797] [Info] UniverseServer: Loading client ship world ClientShipWorld:95a627f58d86f05b9b39a2e3dd1bc358
[08:51:59.905] [Info] Protected dungeonIds for world set to (65524)
[08:52:00.098] [Info] UniverseServer: Warping player 1 to ClientShipWorld:95a627f58d86f05b9b39a2e3dd1bc358
[08:52:00.106] [Info] UniverseServer: Stopping idle world CelestialWorld:-556170139:-945831092:-272712977:9
[08:52:00.111] [Info] Client received world stop packet, leaving: Removed
[08:52:17.816] [Info] UniverseServer: Loading celestial world -556170139:-945831092:-272712977:9
[08:52:17.947] [Info] Protected dungeonIds for world set to (1, 65524)
[08:52:18.017] [Info] UniverseServer: Warping player 1 to CelestialWorld:-556170139:-945831092:-272712977:9
[08:52:18.019] [Info] Client received world stop packet, leaving: Removed
[08:52:18.023] [Info] UniverseServer: Stopping idle world ClientShipWorld:95a627f58d86f05b9b39a2e3dd1bc358
[09:02:05.390] [Info] Chat: <SAIL> You obtained a bow. Overcoming a monster with one of these significantly increases your chances of getting meat and rare crafting ingredients.
[09:06:04.474] [Info] Chat: <SAIL> I see that you are eating sufficiently! With a full stomach, your body will slowly regenerate and heal.
[09:07:15.560] [Info] Chat: <SAIL> You discovered coal! You can turn coal into torches to light your way. The chance of fatal incidents is dramatically increased in the dark. Explore the crafting menu.
[09:39:19.024] [Info] UniverseServer: Loading client ship world ClientShipWorld:95a627f58d86f05b9b39a2e3dd1bc358
[09:39:19.200] [Info] Protected dungeonIds for world set to (65524)
[09:39:19.399] [Info] UniverseServer: Warping player 1 to ClientShipWorld:95a627f58d86f05b9b39a2e3dd1bc358
[09:39:19.409] [Info] UniverseServer: Stopping idle world CelestialWorld:-556170139:-945831092:-272712977:9
[09:39:19.412] [Info] Client received world stop packet, leaving: Removed
[09:39:33.617] [Info] UniverseServer: Loading celestial world -556170139:-945831092:-272712977:9
[09:39:33.747] [Info] Protected dungeonIds for world set to (1, 65524)
[09:39:33.819] [Info] UniverseServer: Warping player 1 to CelestialWorld:-556170139:-945831092:-272712977:9
[09:39:33.819] [Info] Client received world stop packet, leaving: Removed
[09:39:33.825] [Info] UniverseServer: Stopping idle world ClientShipWorld:95a627f58d86f05b9b39a2e3dd1bc358
[10:25:54.646] [Info] UniverseServer: Loading client ship world ClientShipWorld:95a627f58d86f05b9b39a2e3dd1bc358
[10:25:54.790] [Info] Protected dungeonIds for world set to (65524)
[10:25:54.962] [Info] UniverseServer: Warping player 1 to ClientShipWorld:95a627f58d86f05b9b39a2e3dd1bc358
[10:25:54.971] [Info] UniverseServer: Stopping idle world CelestialWorld:-556170139:-945831092:-272712977:9
[10:25:54.975] [Info] Client received world stop packet, leaving: Removed
[10:26:29.569] [Info] UniverseServer: Loading celestial world -556170139:-945831092:-272712977:9
[10:26:29.709] [Info] Protected dungeonIds for world set to (1, 65524)
[10:26:29.770] [Info] UniverseServer: Warping player 1 to CelestialWorld:-556170139:-945831092:-272712977:9
[10:26:29.776] [Info] UniverseServer: Stopping idle world ClientShipWorld:95a627f58d86f05b9b39a2e3dd1bc358
[10:26:29.776] [Info] Client received world stop packet, leaving: Removed
[11:00:31.780] [Info] UniverseServer: Loading client ship world ClientShipWorld:95a627f58d86f05b9b39a2e3dd1bc358
[11:00:31.918] [Info] Protected dungeonIds for world set to (65524)
[11:00:32.081] [Info] UniverseServer: Warping player 1 to ClientShipWorld:95a627f58d86f05b9b39a2e3dd1bc358
[11:00:32.092] [Info] UniverseServer: Stopping idle world CelestialWorld:-556170139:-945831092:-272712977:9
[11:00:32.093] [Info] Client received world stop packet, leaving: Removed
[11:00:52.529] [Info] UniverseServer: Loading celestial world -556170139:-945831092:-272712977:9
[11:00:52.666] [Info] Protected dungeonIds for world set to (1, 65524)
[11:00:52.730] [Info] UniverseServer: Warping player 1 to CelestialWorld:-556170139:-945831092:-272712977:9
[11:00:52.733] [Info] Client received world stop packet, leaving: Removed
[11:00:52.737] [Info] UniverseServer: Stopping idle world ClientShipWorld:95a627f58d86f05b9b39a2e3dd1bc358
[11:41:53.754] [Info] UniverseServer: Loading client ship world ClientShipWorld:95a627f58d86f05b9b39a2e3dd1bc358
[11:41:53.885] [Info] Protected dungeonIds for world set to (65524)
[11:41:54.060] [Info] UniverseServer: Warping player 1 to ClientShipWorld:95a627f58d86f05b9b39a2e3dd1bc358
[11:41:54.069] [Info] UniverseServer: Stopping idle world CelestialWorld:-556170139:-945831092:-272712977:9
[11:41:54.072] [Info] Client received world stop packet, leaving: Removed
[11:42:07.956] [Info] UniverseServer: Loading celestial world -556170139:-945831092:-272712977:9
[11:42:08.089] [Info] Protected dungeonIds for world set to (1, 65524)
[11:42:08.158] [Info] UniverseServer: Warping player 1 to CelestialWorld:-556170139:-945831092:-272712977:9
[11:42:08.162] [Info] Client received world stop packet, leaving: Removed
[11:42:08.164] [Info] UniverseServer: Stopping idle world ClientShipWorld:95a627f58d86f05b9b39a2e3dd1bc358
[11:53:09.685] [Info] Chat: <SAIL> You discovered a core fragment! These are useful objects. I estimate that you will require at least 20 of them.
[11:59:15.332] [Info] Chat: <SAIL> You appear to have successfully activated the gate. And it seems another message is coming through.
[11:59:24.612] [Info] Chat: <???> Please come. I urgently require help; the universe depends on it. Use this Ancient Gateway and meet me in the Ark ruins, just past the Outpost.
[12:03:09.255] [Info] Chat: <SAIL> I am able to reconfigure the ship's teleporter to teleport directly to the location marked by this flag. Place and interact with the flag to establish a name.
[12:05:00.318] [Info] UniverseServer: Creating temporary instance world 'InstanceWorld:outpost:-:-' with expiry time 0
[12:05:00.417] [Info] Protected dungeonIds for world set to (65524)
[12:05:00.417] [Info] Placing dungeon outpost
[12:05:00.419] [Info] Forcing generation of dungeon outpost
[12:05:00.429] [Info] Placing dungeon at (0, 750)
[12:05:03.888] [Info] Protected dungeonIds for world set to (0, 65524)
[12:05:05.396] [Info] UniverseServer: Warping player 1 to InstanceWorld:outpost:-:-
[12:05:05.405] [Info] Client received world stop packet, leaving: Removed
[12:05:05.446] [Info] UniverseServer: Stopping idle world CelestialWorld:-556170139:-945831092:-272712977:9
[12:15:48.270] [Info] Chat: <SAIL> I have received the coordinates for the Erchius Mining Facility. If you return to the ship you can teleport there using my mission interface.
[12:16:25.772] [Info] UniverseServer: Loading celestial world -556170139:-945831092:-272712977:9
[12:16:25.912] [Info] Protected dungeonIds for world set to (1, 65524)
[12:16:25.975] [Info] UniverseServer: Warping player 1 to CelestialWorld:-556170139:-945831092:-272712977:9=04d8134ec1fc0a4be542f49d90886ebf
[12:16:25.992] [Info] Client received world stop packet, leaving: Removed
[12:16:26.077] [Info] UniverseServer: Stopping idle world InstanceWorld:outpost:-:-
[12:16:26.542] [Info] UniverseServer: Expiring temporary world InstanceWorld:outpost:-:-
[12:17:02.475] [Info] UniverseServer: Loading client ship world ClientShipWorld:95a627f58d86f05b9b39a2e3dd1bc358
[12:17:02.595] [Info] Protected dungeonIds for world set to (65524)
[12:17:02.776] [Info] UniverseServer: Warping player 1 to ClientShipWorld:95a627f58d86f05b9b39a2e3dd1bc358
[12:17:02.786] [Info] UniverseServer: Stopping idle world CelestialWorld:-556170139:-945831092:-272712977:9
[12:17:02.791] [Info] Client received world stop packet, leaving: Removed
[12:18:04.858] [Info] UniverseServer: Creating temporary instance world 'InstanceWorld:lunarbase:95a627f58d86f05b9b39a2e3dd1bc358:-' with expiry time 0
[12:18:04.951] [Info] Protected dungeonIds for world set to (65524)
[12:18:04.951] [Info] Placing dungeon lunarbase
[12:18:04.952] [Info] Forcing generation of dungeon lunarbase
[12:18:04.992] [Info] Placing dungeon at (0, 1000)
[12:18:08.377] [Warn] Failed to place dungeon object: lunarbasecrate direction: 1 position: (551, 918)
[12:18:08.382] [Warn] Failed to place dungeon object: lunarbasecrate direction: 1 position: (551, 921)
[12:18:08.402] [Warn] Failed to place dungeon object: prisonfloodlight direction: 0 position: (402, 933)
[12:18:08.414] [Warn] Failed to place dungeon object: miningdoor direction: 0 position: (539, 948)
[12:18:08.972] [Warn] Dungeon wire endpoint not found. (344, 705)
[12:18:08.972] [Warn] Dungeon wire endpoint not found. (369, 705)
[12:18:08.973] [Warn] Dungeon wire endpoint not found. (800, 907)
[12:18:08.973] [Warn] Dungeon wire endpoint not found. (809, 907)
[12:18:08.974] [Warn] Dungeon wire endpoint not found. (545, 992)
[12:18:08.974] [Warn] Dungeon wire endpoint not found. (552, 992)
[12:18:08.974] [Warn] Dungeon wire endpoint not found. (559, 992)
[12:18:08.976] [Warn] Dungeon wire endpoint not found. (528, 830)
[12:18:08.976] [Warn] Dungeon wire endpoint not found. (531, 830)
[12:18:08.977] [Warn] Dungeon wire endpoint not found. (354, 654)
[12:18:08.977] [Warn] Dungeon wires did not make a circuit.
[12:18:08.978] [Warn] Dungeon wire endpoint not found. (355, 654)
[12:18:08.978] [Warn] Dungeon wires did not make a circuit.
[12:18:08.978] [Warn] Dungeon wire endpoint not found. (352, 655)
[12:18:08.978] [Warn] Dungeon wires did not make a circuit.
[12:18:09.941] [Info] Protected dungeonIds for world set to (0, 65524)
[12:18:10.884] [Info] UniverseServer: Warping player 1 to InstanceWorld:lunarbase:95a627f58d86f05b9b39a2e3dd1bc358:-
[12:18:11.971] [Info] UniverseServer: Stopping idle world ClientShipWorld:95a627f58d86f05b9b39a2e3dd1bc358
[12:18:11.980] [Info] Client received world stop packet, leaving: Removed
[12:18:32.176] [Info] Chat: <SAIL> All life readings emanate from a great depth below the surface. The readings are... Difficult to define. Congratulations in advance for your courage.
[12:19:27.596] [Info] Chat: <SAIL> It appears lockdown has been instigated. You must locate a breaker to restore full power. Please proceed with caution in conditions of low light.
[12:24:40.442] [Info] Chat: <Vorhassa>   
[12:26:24.537] [Info] Chat: <SAIL> I detect both Erchius chemical signatures and human DNA in these entities. High likelihood of behavioural volatility predicted.
[12:29:14.177] [Info] UniverseServer: Loading client ship world ClientShipWorld:95a627f58d86f05b9b39a2e3dd1bc358
[12:29:14.350] [Info] Protected dungeonIds for world set to (65524)
[12:29:14.495] [Info] UniverseServer: Warping player 1 to ClientShipWorld:95a627f58d86f05b9b39a2e3dd1bc358
[12:29:14.496] [Info] Client received world stop packet, leaving: Removed
[12:29:14.505] [Info] UniverseServer: Stopping idle world InstanceWorld:lunarbase:95a627f58d86f05b9b39a2e3dd1bc358:-
[12:29:15.135] [Info] UniverseServer: Expiring temporary world InstanceWorld:lunarbase:95a627f58d86f05b9b39a2e3dd1bc358:-
[12:29:24.535] [Info] UniverseServer: Loading celestial world -556170139:-945831092:-272712977:9
[12:29:24.670] [Info] Protected dungeonIds for world set to (1, 65524)
[12:29:24.736] [Info] UniverseServer: Warping player 1 to CelestialWorld:-556170139:-945831092:-272712977:9=04d8134ec1fc0a4be542f49d90886ebf
[12:29:24.753] [Info] Client received world stop packet, leaving: Removed
[12:29:24.836] [Info] UniverseServer: Stopping idle world ClientShipWorld:95a627f58d86f05b9b39a2e3dd1bc358
[12:54:19.961] [Info] Chat: <SAIL> You've obtained a manipulator module. With enough of these you can upgrade your Matter Manipulator from the access panel on the right-hand toolbar.
[12:55:55.904] [Info] UniverseServer: Loading client ship world ClientShipWorld:95a627f58d86f05b9b39a2e3dd1bc358
[12:55:56.014] [Info] Protected dungeonIds for world set to (65524)
[12:55:56.207] [Info] UniverseServer: Warping player 1 to ClientShipWorld:95a627f58d86f05b9b39a2e3dd1bc358
[12:55:56.216] [Info] Client received world stop packet, leaving: Removed
[12:55:56.216] [Info] UniverseServer: Stopping idle world CelestialWorld:-556170139:-945831092:-272712977:9
[12:56:16.682] [Info] UniverseServer: Creating temporary instance world 'InstanceWorld:lunarbase:95a627f58d86f05b9b39a2e3dd1bc358:-' with expiry time 0
[12:56:16.906] [Info] Protected dungeonIds for world set to (65524)
[12:56:16.906] [Info] Placing dungeon lunarbase
[12:56:16.906] [Info] Forcing generation of dungeon lunarbase
[12:56:16.948] [Info] Placing dungeon at (0, 1000)
[12:56:20.274] [Warn] Failed to place dungeon object: lunarbasecrate direction: 1 position: (551, 918)
[12:56:20.280] [Warn] Failed to place dungeon object: lunarbasecrate direction: 1 position: (551, 921)
[12:56:20.301] [Warn] Failed to place dungeon object: prisonfloodlight direction: 0 position: (402, 933)
[12:56:20.310] [Warn] Failed to place dungeon object: miningdoor direction: 0 position: (539, 948)
[12:56:20.850] [Warn] Dungeon wire endpoint not found. (344, 705)
[12:56:20.850] [Warn] Dungeon wire endpoint not found. (369, 705)
[12:56:20.851] [Warn] Dungeon wire endpoint not found. (800, 907)
[12:56:20.851] [Warn] Dungeon wire endpoint not found. (809, 907)
[12:56:20.852] [Warn] Dungeon wire endpoint not found. (545, 992)
[12:56:20.852] [Warn] Dungeon wire endpoint not found. (552, 992)
[12:56:20.852] [Warn] Dungeon wire endpoint not found. (559, 992)
[12:56:20.853] [Warn] Dungeon wire endpoint not found. (528, 830)
[12:56:20.853] [Warn] Dungeon wire endpoint not found. (531, 830)
[12:56:20.855] [Warn] Dungeon wire endpoint not found. (354, 654)
[12:56:20.855] [Warn] Dungeon wires did not make a circuit.
[12:56:20.855] [Warn] Dungeon wire endpoint not found. (355, 654)
[12:56:20.855] [Warn] Dungeon wires did not make a circuit.
[12:56:20.855] [Warn] Dungeon wire endpoint not found. (352, 655)
[12:56:20.855] [Warn] Dungeon wires did not make a circuit.
[12:56:21.791] [Info] Protected dungeonIds for world set to (0, 65524)
[12:56:22.728] [Info] UniverseServer: Warping player 1 to InstanceWorld:lunarbase:95a627f58d86f05b9b39a2e3dd1bc358:-
[12:56:23.824] [Info] UniverseServer: Stopping idle world ClientShipWorld:95a627f58d86f05b9b39a2e3dd1bc358
[12:56:23.825] [Info] Client received world stop packet, leaving: Removed
[12:56:29.925] [Info] Chat: <SAIL> All life readings emanate from a great depth below the surface. The readings are... Difficult to define. Congratulations in advance for your courage.
[12:56:43.904] [Info] Chat: <SAIL> It appears lockdown has been instigated. You must locate a breaker to restore full power. Please proceed with caution in conditions of low light.
[12:57:45.175] [Info] Chat: <SAIL> I detect both Erchius chemical signatures and human DNA in these entities. High likelihood of behavioural volatility predicted.
[12:57:56.817] [Info] UniverseServer: Loading client ship world ClientShipWorld:95a627f58d86f05b9b39a2e3dd1bc358
[12:57:56.938] [Info] Protected dungeonIds for world set to (65524)
[12:57:57.118] [Info] UniverseServer: Warping player 1 to ClientShipWorld:95a627f58d86f05b9b39a2e3dd1bc358
[12:57:57.127] [Info] UniverseServer: Stopping idle world InstanceWorld:lunarbase:95a627f58d86f05b9b39a2e3dd1bc358:-
[12:57:57.134] [Info] Client received world stop packet, leaving: Removed
[12:57:57.675] [Info] UniverseServer: Expiring temporary world InstanceWorld:lunarbase:95a627f58d86f05b9b39a2e3dd1bc358:-
[12:58:33.536] [Info] UniverseServer: Creating temporary instance world 'InstanceWorld:lunarbase:95a627f58d86f05b9b39a2e3dd1bc358:-' with expiry time 0
[12:58:33.636] [Info] Protected dungeonIds for world set to (65524)
[12:58:33.636] [Info] Placing dungeon lunarbase
[12:58:33.636] [Info] Forcing generation of dungeon lunarbase
[12:58:33.677] [Info] Placing dungeon at (0, 1000)
[12:58:37.103] [Warn] Failed to place dungeon object: lunarbasecrate direction: 1 position: (551, 918)
[12:58:37.108] [Warn] Failed to place dungeon object: lunarbasecrate direction: 1 position: (551, 921)
[12:58:37.127] [Warn] Failed to place dungeon object: prisonfloodlight direction: 0 position: (402, 933)
[12:58:37.136] [Warn] Failed to place dungeon object: miningdoor direction: 0 position: (539, 948)
[12:58:37.683] [Warn] Dungeon wire endpoint not found. (344, 705)
[12:58:37.683] [Warn] Dungeon wire endpoint not found. (369, 705)
[12:58:37.684] [Warn] Dungeon wire endpoint not found. (800, 907)
[12:58:37.684] [Warn] Dungeon wire endpoint not found. (809, 907)
[12:58:37.685] [Warn] Dungeon wire endpoint not found. (545, 992)
[12:58:37.685] [Warn] Dungeon wire endpoint not found. (552, 992)
[12:58:37.685] [Warn] Dungeon wire endpoint not found. (559, 992)
[12:58:37.687] [Warn] Dungeon wire endpoint not found. (528, 830)
[12:58:37.687] [Warn] Dungeon wire endpoint not found. (531, 830)
[12:58:37.688] [Warn] Dungeon wire endpoint not found. (354, 654)
[12:58:37.688] [Warn] Dungeon wires did not make a circuit.
[12:58:37.688] [Warn] Dungeon wire endpoint not found. (355, 654)
[12:58:37.688] [Warn] Dungeon wires did not make a circuit.
[12:58:37.688] [Warn] Dungeon wire endpoint not found. (352, 655)
[12:58:37.688] [Warn] Dungeon wires did not make a circuit.
[12:58:38.609] [Info] Protected dungeonIds for world set to (0, 65524)
[12:58:40.660] [Info] UniverseServer: Warping player 1 to InstanceWorld:lunarbase:95a627f58d86f05b9b39a2e3dd1bc358:-
[12:58:40.673] [Info] Client received world stop packet, leaving: Removed
[12:58:40.721] [Info] UniverseServer: Stopping idle world ClientShipWorld:95a627f58d86f05b9b39a2e3dd1bc358
[12:58:45.805] [Info] Chat: <SAIL> All life readings emanate from a great depth below the surface. The readings are... Difficult to define. Congratulations in advance for your courage.
[12:59:00.068] [Info] Chat: <SAIL> It appears lockdown has been instigated. You must locate a breaker to restore full power. Please proceed with caution in conditions of low light.
[13:00:20.617] [Info] Chat: <SAIL> I detect both Erchius chemical signatures and human DNA in these entities. High likelihood of behavioural volatility predicted.
[13:01:18.650] [Info] Skipped event recording for nonexistent entity 372
[13:01:18.650] [Info] Skipped event recording for nonexistent entity 386
[13:03:30.977] [Info] UniverseServer: Loading client ship world ClientShipWorld:95a627f58d86f05b9b39a2e3dd1bc358
[13:03:31.083] [Info] Protected dungeonIds for world set to (65524)
[13:03:31.282] [Info] UniverseServer: Warping player 1 to ClientShipWorld:95a627f58d86f05b9b39a2e3dd1bc358
[13:03:31.294] [Info] UniverseServer: Stopping idle world InstanceWorld:lunarbase:95a627f58d86f05b9b39a2e3dd1bc358:-
[13:03:31.297] [Info] Client received world stop packet, leaving: Removed
[13:03:31.828] [Info] UniverseServer: Expiring temporary world InstanceWorld:lunarbase:95a627f58d86f05b9b39a2e3dd1bc358:-
[13:04:02.844] [Info] UniverseServer: Loading celestial world -556170139:-945831092:-272712977:9
[13:04:02.976] [Info] Protected dungeonIds for world set to (1, 65524)
[13:04:03.046] [Info] UniverseServer: Warping player 1 to CelestialWorld:-556170139:-945831092:-272712977:9=04d8134ec1fc0a4be542f49d90886ebf
[13:04:03.066] [Info] Client received world stop packet, leaving: Removed
[13:04:03.146] [Info] UniverseServer: Stopping idle world ClientShipWorld:95a627f58d86f05b9b39a2e3dd1bc358
[13:05:11.793] [Info] UniverseServer: Loading client ship world ClientShipWorld:95a627f58d86f05b9b39a2e3dd1bc358
[13:05:11.981] [Info] Protected dungeonIds for world set to (65524)
[13:05:12.120] [Info] UniverseServer: Warping player 1 to ClientShipWorld:95a627f58d86f05b9b39a2e3dd1bc358
[13:05:12.129] [Info] UniverseServer: Stopping idle world CelestialWorld:-556170139:-945831092:-272712977:9
[13:05:12.136] [Info] Client received world stop packet, leaving: Removed
[13:05:26.526] [Info] UniverseServer: Creating temporary instance world 'InstanceWorld:lunarbase:95a627f58d86f05b9b39a2e3dd1bc358:-' with expiry time 0
[13:05:26.624] [Info] Protected dungeonIds for world set to (65524)
[13:05:26.624] [Info] Placing dungeon lunarbase
[13:05:26.624] [Info] Forcing generation of dungeon lunarbase
[13:05:26.665] [Info] Placing dungeon at (0, 1000)
[13:05:30.053] [Warn] Failed to place dungeon object: lunarbasecrate direction: 1 position: (551, 918)
[13:05:30.058] [Warn] Failed to place dungeon object: lunarbasecrate direction: 1 position: (551, 921)
[13:05:30.080] [Warn] Failed to place dungeon object: prisonfloodlight direction: 0 position: (402, 933)
[13:05:30.088] [Warn] Failed to place dungeon object: miningdoor direction: 0 position: (539, 948)
[13:05:30.614] [Warn] Dungeon wire endpoint not found. (344, 705)
[13:05:30.614] [Warn] Dungeon wire endpoint not found. (369, 705)
[13:05:30.616] [Warn] Dungeon wire endpoint not found. (800, 907)
[13:05:30.616] [Warn] Dungeon wire endpoint not found. (809, 907)
[13:05:30.616] [Warn] Dungeon wire endpoint not found. (545, 992)
[13:05:30.616] [Warn] Dungeon wire endpoint not found. (552, 992)
[13:05:30.616] [Warn] Dungeon wire endpoint not found. (559, 992)
[13:05:30.618] [Warn] Dungeon wire endpoint not found. (528, 830)
[13:05:30.618] [Warn] Dungeon wire endpoint not found. (531, 830)
[13:05:30.620] [Warn] Dungeon wire endpoint not found. (354, 654)
[13:05:30.620] [Warn] Dungeon wires did not make a circuit.
[13:05:30.620] [Warn] Dungeon wire endpoint not found. (355, 654)
[13:05:30.620] [Warn] Dungeon wires did not make a circuit.
[13:05:30.620] [Warn] Dungeon wire endpoint not found. (352, 655)
[13:05:30.620] [Warn] Dungeon wires did not make a circuit.
[13:05:31.599] [Info] Protected dungeonIds for world set to (0, 65524)
[13:05:32.565] [Info] UniverseServer: Warping player 1 to InstanceWorld:lunarbase:95a627f58d86f05b9b39a2e3dd1bc358:-
[13:05:33.680] [Info] Client received world stop packet, leaving: Removed
[13:05:33.683] [Info] UniverseServer: Stopping idle world ClientShipWorld:95a627f58d86f05b9b39a2e3dd1bc358
[13:05:39.316] [Info] Chat: <SAIL> All life readings emanate from a great depth below the surface. The readings are... Difficult to define. Congratulations in advance for your courage.
[13:05:49.828] [Info] Chat: <SAIL> It appears lockdown has been instigated. You must locate a breaker to restore full power. Please proceed with caution in conditions of low light.
[13:06:05.006] [Info] Chat: <SAIL> I detect both Erchius chemical signatures and human DNA in these entities. High likelihood of behavioural volatility predicted.
[13:09:58.351] [Info] UniverseServer: Loading client ship world ClientShipWorld:95a627f58d86f05b9b39a2e3dd1bc358
[13:09:58.466] [Info] Protected dungeonIds for world set to (65524)
[13:09:58.653] [Info] UniverseServer: Warping player 1 to ClientShipWorld:95a627f58d86f05b9b39a2e3dd1bc358
[13:09:58.661] [Info] Client received world stop packet, leaving: Removed
[13:09:58.662] [Info] UniverseServer: Stopping idle world InstanceWorld:lunarbase:95a627f58d86f05b9b39a2e3dd1bc358:-
[13:09:59.277] [Info] UniverseServer: Expiring temporary world InstanceWorld:lunarbase:95a627f58d86f05b9b39a2e3dd1bc358:-
[13:10:10.654] [Info] UniverseServer: Creating temporary instance world 'InstanceWorld:lunarbase:95a627f58d86f05b9b39a2e3dd1bc358:-' with expiry time 0
[13:10:10.749] [Info] Protected dungeonIds for world set to (65524)
[13:10:10.749] [Info] Placing dungeon lunarbase
[13:10:10.749] [Info] Forcing generation of dungeon lunarbase
[13:10:10.789] [Info] Placing dungeon at (0, 1000)
[13:10:14.149] [Warn] Failed to place dungeon object: lunarbasecrate direction: 1 position: (551, 918)
[13:10:14.154] [Warn] Failed to place dungeon object: lunarbasecrate direction: 1 position: (551, 921)
[13:10:14.173] [Warn] Failed to place dungeon object: prisonfloodlight direction: 0 position: (402, 933)
[13:10:14.182] [Warn] Failed to place dungeon object: miningdoor direction: 0 position: (539, 948)
[13:10:14.711] [Warn] Dungeon wire endpoint not found. (344, 705)
[13:10:14.711] [Warn] Dungeon wire endpoint not found. (369, 705)
[13:10:14.712] [Warn] Dungeon wire endpoint not found. (800, 907)
[13:10:14.712] [Warn] Dungeon wire endpoint not found. (809, 907)
[13:10:14.713] [Warn] Dungeon wire endpoint not found. (545, 992)
[13:10:14.713] [Warn] Dungeon wire endpoint not found. (552, 992)
[13:10:14.713] [Warn] Dungeon wire endpoint not found. (559, 992)
[13:10:14.714] [Warn] Dungeon wire endpoint not found. (528, 830)
[13:10:14.714] [Warn] Dungeon wire endpoint not found. (531, 830)
[13:10:14.716] [Warn] Dungeon wire endpoint not found. (354, 654)
[13:10:14.716] [Warn] Dungeon wires did not make a circuit.
[13:10:14.716] [Warn] Dungeon wire endpoint not found. (355, 654)
[13:10:14.716] [Warn] Dungeon wires did not make a circuit.
[13:10:14.716] [Warn] Dungeon wire endpoint not found. (352, 655)
[13:10:14.716] [Warn] Dungeon wires did not make a circuit.
[13:10:15.684] [Info] Protected dungeonIds for world set to (0, 65524)
[13:10:16.606] [Info] UniverseServer: Warping player 1 to InstanceWorld:lunarbase:95a627f58d86f05b9b39a2e3dd1bc358:-
[13:10:17.719] [Info] UniverseServer: Stopping idle world ClientShipWorld:95a627f58d86f05b9b39a2e3dd1bc358
[13:10:17.722] [Info] Client received world stop packet, leaving: Removed
[13:10:22.688] [Info] Chat: <SAIL> All life readings emanate from a great depth below the surface. The readings are... Difficult to define. Congratulations in advance for your courage.
[13:10:33.836] [Info] Chat: <SAIL> It appears lockdown has been instigated. You must locate a breaker to restore full power. Please proceed with caution in conditions of low light.
[13:10:57.546] [Info] Chat: <SAIL> I detect both Erchius chemical signatures and human DNA in these entities. High likelihood of behavioural volatility predicted.
[13:11:33.054] [Info] Skipped event recording for nonexistent entity 381
[13:26:54.494] [Info] Skipped event recording for nonexistent entity 15102
[13:39:08.984] [Info] Chat: <SAIL> Erchius readings have reached 94 rad. You are in peril. Your Peril level is currently 14,607 morts.
[13:39:18.264] [Info] Chat: <Esther Bright> Sorry about the AI, dear.
[13:45:55.293] [Info] Chat: <Esther Bright> Look at them; prolonged contact with the Erchius crystals seems to have denatured their very being! The poor creatures have lost themselves completely.
[13:53:23.125] [Info] Chat: <Esther Bright> Look at them; prolonged contact with the Erchius crystals seems to have denatured their very being! The poor creatures have lost themselves completely.
[13:53:51.584] [Info] Chat: <SAIL> Erchius readings have reached 101 rad. Your current Peril level is 18,472 morts...
[13:54:00.449] [Info] Chat: <Esther Bright> Hush! You're not helping.
[13:54:36.422] [Info] Chat: <SAIL> Conventional weapons have an estimated 0% chance of damaging the Erchius crystal. You are invited to devise another means of attack.
[13:56:14.013] [Info] Chat: <Esther Bright> Look at them; prolonged contact with the Erchius crystals seems to have denatured their very being! The poor creatures have lost themselves completely.
[13:56:49.404] [Info] Chat: <SAIL> Erchius readings have reached 101 rad. Your current Peril level is 18,472 morts...
[13:56:58.252] [Info] Chat: <Esther Bright> Hush! You're not helping.
[13:57:05.666] [Info] Chat: <SAIL> Conventional weapons have an estimated 0% chance of damaging the Erchius crystal. You are invited to devise another means of attack.
[13:59:45.691] [Info] Chat: <SAIL> You obtained a capture pod. A monster can be captured in this if their health is low enough. Throw it at a monster to capture it. Captured monsters become tame.
[13:59:57.688] [Info] Chat: <Esther Bright> Well done!
[14:00:00.771] [Info] Chat: <SAIL> There is enough Erchius here to fully repair the ship.
[14:00:30.320] [Info] UniverseServer: Loading client ship world ClientShipWorld:95a627f58d86f05b9b39a2e3dd1bc358
[14:00:30.483] [Info] Protected dungeonIds for world set to (65524)
[14:00:30.636] [Info] UniverseServer: Warping player 1 to ClientShipWorld:95a627f58d86f05b9b39a2e3dd1bc358
[14:00:30.645] [Info] Client received world stop packet, leaving: Removed
[14:00:30.651] [Info] UniverseServer: Stopping idle world InstanceWorld:lunarbase:95a627f58d86f05b9b39a2e3dd1bc358:-
[14:00:31.192] [Info] UniverseServer: Expiring temporary world InstanceWorld:lunarbase:95a627f58d86f05b9b39a2e3dd1bc358:-
[14:01:08.375] [Info] UniverseServer: Creating temporary instance world 'InstanceWorld:outpost:-:-' with expiry time 0
[14:01:08.499] [Info] Protected dungeonIds for world set to (65524)
[14:01:08.499] [Info] Placing dungeon outpost
[14:01:08.499] [Info] Forcing generation of dungeon outpost
[14:01:08.511] [Info] Placing dungeon at (0, 750)
[14:01:11.990] [Info] Protected dungeonIds for world set to (0, 65524)
[14:01:13.502] [Info] UniverseServer: Warping player 1 to InstanceWorld:outpost:-:-=outpost
[14:01:13.549] [Info] Client received world stop packet, leaving: Removed
[14:01:13.551] [Info] UniverseServer: Stopping idle world ClientShipWorld:95a627f58d86f05b9b39a2e3dd1bc358
[14:02:13.203] [Info] UniverseServer: Warping player 1 to InstanceWorld:outpost:-:-=arkteleporter
[14:02:13.232] [Info] Client received world stop packet, leaving: Removed
[14:03:48.777] [Info] Chat: <Esther> Penguin Pete is an authority on automobiles, from hi-tech spacecrafts to humble hoverbikes.
[14:04:16.254] [Info] Chat: <Esther> You can buy personal teleporters from this shop once it opens. Extremely useful things.
[14:04:37.448] [Info] Chat: <Esther> When Terramart is open, it will stock farming and gardening supplies, among other things. They will even buy home-grown produce from you through their remote shipping service.
[14:19:43.792] [Info] Chat: <Esther> This console will allow you to equip Techs, greatly enhancing your mobility and dexterity.
[14:20:18.999] [Info] Chat: <Esther> When this store is open for business you'll be able to create custom signs here.
[14:20:42.609] [Info] Chat: <Esther> This furniture shop will sell a selection of exotic pieces from across the universe, and regularly have new stock. It will also sell colony deeds, which attract tenants when placed in dwellings.
[14:23:31.316] [Info] Chat: <Esther> The barkeep in the Beakeasy will happily trade any diamonds you may have for penguin dubloons, which are popular among his mercenary clientele.
[14:23:41.662] [Info] Chat: <Esther> That concludes our tour for today! Come and find me when you're ready.
[14:24:14.196] [Info] UniverseServer: Warping player 1 to InstanceWorld:outpost:-:-=arkteleporter
[14:24:14.229] [Info] Client received world stop packet, leaving: Removed
[14:25:55.705] [Info] UniverseServer: Loading client ship world ClientShipWorld:95a627f58d86f05b9b39a2e3dd1bc358
[14:25:55.833] [Info] Protected dungeonIds for world set to (65524)
[14:25:56.100] [Info] UniverseServer: Warping player 1 to ClientShipWorld:95a627f58d86f05b9b39a2e3dd1bc358
[14:25:56.112] [Info] UniverseServer: Stopping idle world InstanceWorld:outpost:-:-
[14:25:56.114] [Info] Client received world stop packet, leaving: Removed
[14:25:56.469] [Info] UniverseServer: Expiring temporary world InstanceWorld:outpost:-:-
[14:26:13.456] [Info] Chat: <SAIL> Erchius fuel for your FTL drive can be mined from moons. It should be noted that since Earth's destruction, all moons scanned have delivered strange, unpleasant and indecipherable readings.
[14:26:38.231] [Info] Chat: <Vorhassa> ass
[14:27:57.197] [Info] UniverseServer: Loading celestial world -556170139:-945831092:-272712977:9
[14:27:57.333] [Info] Protected dungeonIds for world set to (1, 65524)
[14:27:57.398] [Info] UniverseServer: Warping player 1 to CelestialWorld:-556170139:-945831092:-272712977:9=04d8134ec1fc0a4be542f49d90886ebf
[14:27:57.422] [Info] Client received world stop packet, leaving: Removed
[14:27:57.504] [Info] UniverseServer: Stopping idle world ClientShipWorld:95a627f58d86f05b9b39a2e3dd1bc358
[14:31:23.779] [Info] UniverseServer: Loading client ship world ClientShipWorld:95a627f58d86f05b9b39a2e3dd1bc358
[14:31:23.905] [Info] Protected dungeonIds for world set to (65524)
[14:31:24.080] [Info] UniverseServer: Warping player 1 to ClientShipWorld:95a627f58d86f05b9b39a2e3dd1bc358
[14:31:24.090] [Info] UniverseServer: Stopping idle world CelestialWorld:-556170139:-945831092:-272712977:9
[14:31:24.096] [Info] Client received world stop packet, leaving: Removed
[14:34:21.637] [Info] Flying ship for player 1 to -556170139:-945831092:-272712977
[14:34:31.266] [Info] UniverseServer: Arriving ship for player 1 at -556170139:-945831092:-272712977
[14:35:20.292] [Info] Flying ship for player 1 to -556170139:-945831092:-272712977:9
[14:35:26.673] [Info] UniverseServer: Loading celestial world -556170139:-945831092:-272712977:9
[14:35:26.809] [Info] Protected dungeonIds for world set to (1, 65524)
[14:35:26.874] [Info] UniverseServer: Arriving ship for player 1 at -556170139:-945831092:-272712977:9
[14:35:26.874] [Info] UniverseServer: Stopping idle world CelestialWorld:-556170139:-945831092:-272712977:9
[14:35:32.604] [Info] Flying ship for player 1 to -556170139:-945831092:-272712977:9:1
[14:35:35.824] [Info] UniverseServer: Creating celestial world -556170139:-945831092:-272712977:9:1
[14:35:35.932] [Info] Protected dungeonIds for world set to (65524)
[14:35:36.528] [Info] UniverseServer: Arriving ship for player 1 at -556170139:-945831092:-272712977:9:1
[14:35:36.528] [Info] UniverseServer: Stopping idle world CelestialWorld:-556170139:-945831092:-272712977:9:1
[14:35:45.545] [Info] Flying ship for player 1 to -556170139:-945831092:-272712977
[14:35:54.444] [Info] UniverseServer: Arriving ship for player 1 at -556170139:-945831092:-272712977
[14:36:44.126] [Info] UniverseServer: Creating celestial world -556170139:-945831092:-272712977:10
[14:36:44.346] [Info] Protected dungeonIds for world set to (65524)
[14:36:44.346] [Info] Placing dungeon apexcity
[14:36:44.402] [Info] Generating dungeon apexcity
[14:36:44.403] [Info] Placing dungeon at (4993, 1000)
[14:36:45.396] [Info] Placing dungeon evilfortress
[14:36:45.488] [Info] Generating dungeon evilfortress
[14:36:45.491] [Info] Placing dungeon at (2003, 1000)
[14:36:49.413] [Info] UniverseServer: Warping player 1 to CelestialWorld:-556170139:-945831092:-272712977:10
[14:36:49.452] [Info] Client received world stop packet, leaving: Removed
[14:36:49.481] [Info] UniverseServer: Stopping idle world ClientShipWorld:95a627f58d86f05b9b39a2e3dd1bc358
[14:37:17.066] [Info] UniverseServer: Loading client ship world ClientShipWorld:95a627f58d86f05b9b39a2e3dd1bc358
[14:37:17.195] [Info] Protected dungeonIds for world set to (65524)
[14:37:17.412] [Info] UniverseServer: Warping player 1 to ClientShipWorld:95a627f58d86f05b9b39a2e3dd1bc358
[14:37:17.423] [Info] UniverseServer: Stopping idle world CelestialWorld:-556170139:-945831092:-272712977:10
[14:37:17.428] [Info] Client received world stop packet, leaving: Removed
[14:37:33.232] [Info] UniverseServer: Loading celestial world -556170139:-945831092:-272712977:10
[14:37:33.363] [Info] Protected dungeonIds for world set to (65524)
[14:37:33.539] [Info] UniverseServer: Warping player 1 to CelestialWorld:-556170139:-945831092:-272712977:10
[14:37:33.548] [Info] Client received world stop packet, leaving: Removed
[14:37:33.550] [Info] UniverseServer: Stopping idle world ClientShipWorld:95a627f58d86f05b9b39a2e3dd1bc358
[14:37:56.124] [Info] UniverseServer: Loading client ship world ClientShipWorld:95a627f58d86f05b9b39a2e3dd1bc358
[14:37:56.238] [Info] Protected dungeonIds for world set to (65524)
[14:37:56.427] [Info] UniverseServer: Warping player 1 to ClientShipWorld:95a627f58d86f05b9b39a2e3dd1bc358
[14:37:56.435] [Info] Client received world stop packet, leaving: Removed
[14:37:56.435] [Info] UniverseServer: Stopping idle world CelestialWorld:-556170139:-945831092:-272712977:10
[14:38:12.444] [Info] UniverseServer: Loading celestial world -556170139:-945831092:-272712977:10
[14:38:12.577] [Info] Protected dungeonIds for world set to (65524)
[14:38:12.748] [Info] UniverseServer: Warping player 1 to CelestialWorld:-556170139:-945831092:-272712977:10
[14:38:12.753] [Info] Client received world stop packet, leaving: Removed
[14:38:12.787] [Info] UniverseServer: Stopping idle world ClientShipWorld:95a627f58d86f05b9b39a2e3dd1bc358
[14:40:43.250] [Warn] Failed to place dungeon object: ironchest direction: 1 position: (1510, 993)
[14:42:12.132] [Warn] Failed to place dungeon object: box1 direction: 0 position: (1312, 893)
[15:08:19.448] [Info] UniverseServer: Loading client ship world ClientShipWorld:95a627f58d86f05b9b39a2e3dd1bc358
[15:08:19.642] [Info] Protected dungeonIds for world set to (65524)
[15:08:19.873] [Info] UniverseServer: Warping player 1 to ClientShipWorld:95a627f58d86f05b9b39a2e3dd1bc358
[15:08:19.900] [Info] UniverseServer: Stopping idle world CelestialWorld:-556170139:-945831092:-272712977:10
[15:08:19.904] [Info] Client received world stop packet, leaving: Removed
[15:08:51.612] [Info] Flying ship for player 1 to -556170139:-945831092:-272712977
[15:08:58.654] [Info] UniverseServer: Arriving ship for player 1 at -556170139:-945831092:-272712977
[15:09:31.729] [Info] Flying ship for player 1 to -556170139:-945831092:-272712977:11:2
[15:09:32.535] [Info] UniverseServer: Creating celestial world -556170139:-945831092:-272712977:11:2
[15:09:32.688] [Info] Protected dungeonIds for world set to (65524)
[15:09:33.244] [Info] UniverseServer: Arriving ship for player 1 at -556170139:-945831092:-272712977:11:2
[15:09:33.247] [Info] UniverseServer: Stopping idle world CelestialWorld:-556170139:-945831092:-272712977:11:2
[15:10:19.611] [Info] UniverseServer: Loading celestial world -556170139:-945831092:-272712977:11:2
[15:10:19.666] [Info] Protected dungeonIds for world set to (65524)
[15:10:19.722] [Info] UniverseServer: Warping player 1 to CelestialWorld:-556170139:-945831092:-272712977:11:2
[15:10:19.728] [Info] UniverseServer: Stopping idle world ClientShipWorld:95a627f58d86f05b9b39a2e3dd1bc358
[15:10:19.729] [Info] Client received world stop packet, leaving: Removed
[15:10:28.687] [Info] Chat: <SAIL> It may be worth noting that this location has no atmosphere and that you are slowly suffocating. I suggest you leave, and return when you have crafted a breathing EPP.
[15:10:30.756] [Info] UniverseServer: Loading client ship world ClientShipWorld:95a627f58d86f05b9b39a2e3dd1bc358
[15:10:30.883] [Info] Protected dungeonIds for world set to (65524)
[15:10:31.058] [Info] UniverseServer: Warping player 1 to ClientShipWorld:95a627f58d86f05b9b39a2e3dd1bc358
[15:10:31.068] [Info] UniverseServer: Stopping idle world CelestialWorld:-556170139:-945831092:-272712977:11:2
[15:10:31.069] [Info] Client received world stop packet, leaving: Removed
[15:10:47.513] [Info] UniverseServer: Loading celestial world -556170139:-945831092:-272712977:9
[15:10:47.645] [Info] Protected dungeonIds for world set to (1, 65524)
[15:10:47.714] [Info] UniverseServer: Warping player 1 to CelestialWorld:-556170139:-945831092:-272712977:9=04d8134ec1fc0a4be542f49d90886ebf
[15:10:47.731] [Info] Client received world stop packet, leaving: Removed
[15:10:47.810] [Info] UniverseServer: Stopping idle world ClientShipWorld:95a627f58d86f05b9b39a2e3dd1bc358
[15:22:02.155] [Info] UniverseServer: Loading client ship world ClientShipWorld:95a627f58d86f05b9b39a2e3dd1bc358
[15:22:02.373] [Info] Protected dungeonIds for world set to (65524)
[15:22:02.558] [Info] UniverseServer: Warping player 1 to ClientShipWorld:95a627f58d86f05b9b39a2e3dd1bc358
[15:22:02.568] [Info] UniverseServer: Stopping idle world CelestialWorld:-556170139:-945831092:-272712977:9
[15:22:02.570] [Info] Client received world stop packet, leaving: Removed
[15:22:20.719] [Info] UniverseServer: Loading celestial world -556170139:-945831092:-272712977:9
[15:22:20.850] [Info] Protected dungeonIds for world set to (1, 65524)
[15:22:20.919] [Info] UniverseServer: Warping player 1 to CelestialWorld:-556170139:-945831092:-272712977:9=04d8134ec1fc0a4be542f49d90886ebf
[15:22:20.949] [Info] Client received world stop packet, leaving: Removed
[15:22:21.012] [Info] UniverseServer: Stopping idle world ClientShipWorld:95a627f58d86f05b9b39a2e3dd1bc358
[15:43:28.570] [Info] UniverseServer: Loading client ship world ClientShipWorld:95a627f58d86f05b9b39a2e3dd1bc358
[15:43:28.695] [Info] Protected dungeonIds for world set to (65524)
[15:43:28.872] [Info] UniverseServer: Warping player 1 to ClientShipWorld:95a627f58d86f05b9b39a2e3dd1bc358
[15:43:28.881] [Info] Client received world stop packet, leaving: Removed
[15:43:28.882] [Info] UniverseServer: Stopping idle world CelestialWorld:-556170139:-945831092:-272712977:9
[15:44:00.945] [Info] Flying ship for player 1 to -556170139:-945831092:-272712977:11
[15:44:04.266] [Info] UniverseServer: Creating celestial world -556170139:-945831092:-272712977:11
[15:44:04.521] [Info] Protected dungeonIds for world set to (65524)
[15:44:04.522] [Info] Placing dungeon aviantemple
[15:44:04.674] [Info] Generating dungeon aviantemple
[15:44:04.680] [Info] Placing dungeon at (280, 1000)
[15:44:05.732] [Warn] Failed to place dungeon object: sacrificialaltar direction: 1 position: (455, 763)
[15:44:05.733] [Warn] Failed to place dungeon object: sacrificialaltar direction: 0 position: (470, 781)
[15:44:06.407] [Info] Placing dungeon floranhuntinggrounds
[15:44:06.454] [Info] Generating dungeon floranhuntinggrounds
[15:44:06.460] [Info] Placing dungeon at (2198, 1000)
[15:44:06.962] [Warn] Failed to place dungeon object: huntingplatformleaves direction: 1 position: (2321, 1001)
[15:44:07.425] [Info] Placing dungeon novakidvillage
[15:44:07.581] [Info] Generating dungeon novakidvillage
[15:44:07.582] [Info] Placing dungeon at (3951, 1000)
[15:44:08.322] [Warn] Failed to place dungeon object: woodenlamp3 direction: 1 position: (3072, 1008)
[15:44:10.477] [Info] UniverseServer: Arriving ship for player 1 at -556170139:-945831092:-272712977:11
[15:44:10.516] [Info] UniverseServer: Stopping idle world CelestialWorld:-556170139:-945831092:-272712977:11
[15:44:18.807] [Info] UniverseServer: Loading celestial world -556170139:-945831092:-272712977:11
[15:44:18.949] [Info] Protected dungeonIds for world set to (65524)
[15:44:19.018] [Info] UniverseServer: Warping player 1 to CelestialWorld:-556170139:-945831092:-272712977:11
[15:44:19.026] [Info] UniverseServer: Stopping idle world ClientShipWorld:95a627f58d86f05b9b39a2e3dd1bc358
[15:44:19.027] [Info] Client received world stop packet, leaving: Removed
[15:48:33.794] [Info] UniverseServer: Loading client ship world ClientShipWorld:95a627f58d86f05b9b39a2e3dd1bc358
[15:48:33.923] [Info] Protected dungeonIds for world set to (65524)
[15:48:34.102] [Info] UniverseServer: Warping player 1 to ClientShipWorld:95a627f58d86f05b9b39a2e3dd1bc358
[15:48:34.111] [Info] UniverseServer: Stopping idle world CelestialWorld:-556170139:-945831092:-272712977:11
[15:48:34.117] [Info] Client received world stop packet, leaving: Removed
[15:48:48.326] [Info] UniverseServer: Loading celestial world -556170139:-945831092:-272712977:11
[15:48:48.463] [Info] Protected dungeonIds for world set to (65524)
[15:48:48.538] [Info] UniverseServer: Warping player 1 to CelestialWorld:-556170139:-945831092:-272712977:11
[15:48:48.541] [Info] Client received world stop packet, leaving: Removed
[15:48:48.547] [Info] UniverseServer: Stopping idle world ClientShipWorld:95a627f58d86f05b9b39a2e3dd1bc358
[15:53:59.560] [Info] UniverseServer: Loading client ship world ClientShipWorld:95a627f58d86f05b9b39a2e3dd1bc358
[15:53:59.695] [Info] Protected dungeonIds for world set to (65524)
[15:53:59.866] [Info] UniverseServer: Warping player 1 to ClientShipWorld:95a627f58d86f05b9b39a2e3dd1bc358
[15:53:59.874] [Info] UniverseServer: Stopping idle world CelestialWorld:-556170139:-945831092:-272712977:11
[15:53:59.882] [Info] Client received world stop packet, leaving: Removed
[15:54:16.707] [Info] UniverseServer: Loading celestial world -556170139:-945831092:-272712977:11
[15:54:16.855] [Info] Protected dungeonIds for world set to (65524)
[15:54:16.925] [Info] UniverseServer: Warping player 1 to CelestialWorld:-556170139:-945831092:-272712977:11
[15:54:16.943] [Info] Client received world stop packet, leaving: Removed
[15:54:16.962] [Info] UniverseServer: Stopping idle world ClientShipWorld:95a627f58d86f05b9b39a2e3dd1bc358
[15:55:50.251] [Info] UniverseServer: Loading client ship world ClientShipWorld:95a627f58d86f05b9b39a2e3dd1bc358
[15:55:50.371] [Info] Protected dungeonIds for world set to (65524)
[15:55:50.558] [Info] UniverseServer: Warping player 1 to ClientShipWorld:95a627f58d86f05b9b39a2e3dd1bc358
[15:55:50.568] [Info] Client received world stop packet, leaving: Removed
[15:55:50.573] [Info] UniverseServer: Stopping idle world CelestialWorld:-556170139:-945831092:-272712977:11
[15:55:57.867] [Info] UniverseServer: Loading celestial world -556170139:-945831092:-272712977:11
[15:55:58.002] [Info] Protected dungeonIds for world set to (65524)
[15:55:58.079] [Info] UniverseServer: Warping player 1 to CelestialWorld:-556170139:-945831092:-272712977:11
[15:55:58.096] [Info] Client received world stop packet, leaving: Removed
[15:55:58.127] [Info] UniverseServer: Stopping idle world ClientShipWorld:95a627f58d86f05b9b39a2e3dd1bc358
[15:57:16.260] [Info] UniverseServer: Loading client ship world ClientShipWorld:95a627f58d86f05b9b39a2e3dd1bc358
[15:57:16.390] [Info] Protected dungeonIds for world set to (65524)
[15:57:16.562] [Info] UniverseServer: Warping player 1 to ClientShipWorld:95a627f58d86f05b9b39a2e3dd1bc358
[15:57:16.563] [Info] Client received world stop packet, leaving: Removed
[15:57:16.573] [Info] UniverseServer: Stopping idle world CelestialWorld:-556170139:-945831092:-272712977:11
[15:57:22.455] [Info] UniverseServer: Loading celestial world -556170139:-945831092:-272712977:11
[15:57:22.588] [Info] Protected dungeonIds for world set to (65524)
[15:57:22.666] [Info] UniverseServer: Warping player 1 to CelestialWorld:-556170139:-945831092:-272712977:11
[15:57:22.671] [Info] Client received world stop packet, leaving: Removed
[15:57:22.679] [Info] UniverseServer: Stopping idle world ClientShipWorld:95a627f58d86f05b9b39a2e3dd1bc358
[15:58:14.876] [Info] UniverseServer: Loading client ship world ClientShipWorld:95a627f58d86f05b9b39a2e3dd1bc358
[15:58:14.995] [Info] Protected dungeonIds for world set to (65524)
[15:58:15.178] [Info] UniverseServer: Warping player 1 to ClientShipWorld:95a627f58d86f05b9b39a2e3dd1bc358
[15:58:15.180] [Info] Client received world stop packet, leaving: Removed
[15:58:15.189] [Info] UniverseServer: Stopping idle world CelestialWorld:-556170139:-945831092:-272712977:11
[15:58:33.513] [Info] UniverseServer: Loading celestial world -556170139:-945831092:-272712977:11
[15:58:33.652] [Info] Protected dungeonIds for world set to (65524)
[15:58:33.715] [Info] UniverseServer: Warping player 1 to CelestialWorld:-556170139:-945831092:-272712977:11
[15:58:33.721] [Info] Client received world stop packet, leaving: Removed
[15:58:33.787] [Info] UniverseServer: Stopping idle world ClientShipWorld:95a627f58d86f05b9b39a2e3dd1bc358
[16:01:09.405] [Info] UniverseServer: Loading client ship world ClientShipWorld:95a627f58d86f05b9b39a2e3dd1bc358
[16:01:09.530] [Info] Protected dungeonIds for world set to (65524)
[16:01:09.707] [Info] UniverseServer: Warping player 1 to ClientShipWorld:95a627f58d86f05b9b39a2e3dd1bc358
[16:01:09.713] [Info] Client received world stop packet, leaving: Removed
[16:01:09.721] [Info] UniverseServer: Stopping idle world CelestialWorld:-556170139:-945831092:-272712977:11
[16:04:30.569] [Info] UniverseServer: Loading celestial world -556170139:-945831092:-272712977:9
[16:04:30.703] [Info] Protected dungeonIds for world set to (1, 65524)
[16:04:30.770] [Info] UniverseServer: Warping player 1 to CelestialWorld:-556170139:-945831092:-272712977:9=04d8134ec1fc0a4be542f49d90886ebf
[16:04:30.800] [Info] Client received world stop packet, leaving: Removed
[16:04:30.872] [Info] UniverseServer: Stopping idle world ClientShipWorld:95a627f58d86f05b9b39a2e3dd1bc358
[16:05:58.260] [Info] UniverseServer: Loading client ship world ClientShipWorld:95a627f58d86f05b9b39a2e3dd1bc358
[16:05:58.374] [Info] Protected dungeonIds for world set to (65524)
[16:05:58.563] [Info] UniverseServer: Warping player 1 to ClientShipWorld:95a627f58d86f05b9b39a2e3dd1bc358
[16:05:58.568] [Info] Client received world stop packet, leaving: Removed
[16:05:58.572] [Info] UniverseServer: Stopping idle world CelestialWorld:-556170139:-945831092:-272712977:9
[16:06:58.910] [Info] Flying ship for player 1 to -556170139:-945831092:-272712977
[16:07:07.661] [Info] UniverseServer: Arriving ship for player 1 at -556170139:-945831092:-272712977
[16:07:42.502] [Info] Flying ship for player 1 to -556170139:-945831092:-272712977:11
[16:07:49.744] [Info] UniverseServer: Loading celestial world -556170139:-945831092:-272712977:11
[16:07:49.882] [Info] Protected dungeonIds for world set to (65524)
[16:07:49.945] [Info] UniverseServer: Arriving ship for player 1 at -556170139:-945831092:-272712977:11
[16:07:49.946] [Info] UniverseServer: Stopping idle world CelestialWorld:-556170139:-945831092:-272712977:11
[16:07:59.246] [Info] UniverseServer: Loading celestial world -556170139:-945831092:-272712977:11
[16:07:59.381] [Info] Protected dungeonIds for world set to (65524)
[16:07:59.447] [Info] UniverseServer: Warping player 1 to CelestialWorld:-556170139:-945831092:-272712977:11
[16:07:59.454] [Info] UniverseServer: Stopping idle world ClientShipWorld:95a627f58d86f05b9b39a2e3dd1bc358
[16:07:59.465] [Info] Client received world stop packet, leaving: Removed
[16:34:41.766] [Warn] Failed to place dungeon object: tombthing4 direction: 0 position: (1350, 463)
[16:37:08.506] [Warn] Failed to place dungeon object: tombthing4 direction: 1 position: (2766, 544)
[16:37:08.507] [Warn] Failed to place dungeon object: tombthing3 direction: 1 position: (2766, 553)
[16:42:01.641] [Info] Chat: <SAIL> This door will transport you to a challenging room that you may attempt to traverse. I applaud your intrepid disposition.
[16:46:55.069] [Info] UniverseServer: Loading client ship world ClientShipWorld:95a627f58d86f05b9b39a2e3dd1bc358
[16:46:55.203] [Info] Protected dungeonIds for world set to (65524)
[16:46:55.375] [Info] UniverseServer: Warping player 1 to ClientShipWorld:95a627f58d86f05b9b39a2e3dd1bc358
[16:46:55.376] [Info] Client received world stop packet, leaving: Removed
[16:46:55.387] [Info] UniverseServer: Stopping idle world CelestialWorld:-556170139:-945831092:-272712977:11
[16:47:08.592] [Info] UniverseServer: Loading celestial world -556170139:-945831092:-272712977:11
[16:47:08.731] [Info] Protected dungeonIds for world set to (65524)
[16:47:08.804] [Info] UniverseServer: Warping player 1 to CelestialWorld:-556170139:-945831092:-272712977:11
[16:47:08.813] [Info] UniverseServer: Stopping idle world ClientShipWorld:95a627f58d86f05b9b39a2e3dd1bc358
[16:47:08.822] [Info] Client received world stop packet, leaving: Removed
[16:47:29.378] [Info] UniverseServer: Loading client ship world ClientShipWorld:95a627f58d86f05b9b39a2e3dd1bc358
[16:47:29.485] [Info] Protected dungeonIds for world set to (65524)
[16:47:29.680] [Info] UniverseServer: Warping player 1 to ClientShipWorld:95a627f58d86f05b9b39a2e3dd1bc358
[16:47:29.684] [Info] Client received world stop packet, leaving: Removed
[16:47:29.692] [Info] UniverseServer: Stopping idle world CelestialWorld:-556170139:-945831092:-272712977:11
[16:47:34.573] [Info] UniverseServer: Loading celestial world -556170139:-945831092:-272712977:11
[16:47:34.714] [Info] Protected dungeonIds for world set to (65524)
[16:47:34.780] [Info] UniverseServer: Warping player 1 to CelestialWorld:-556170139:-945831092:-272712977:11
[16:47:34.795] [Info] UniverseServer: Stopping idle world ClientShipWorld:95a627f58d86f05b9b39a2e3dd1bc358
[16:47:34.799] [Info] Client received world stop packet, leaving: Removed
[16:49:20.959] [Info] UniverseServer: Loading client ship world ClientShipWorld:95a627f58d86f05b9b39a2e3dd1bc358
[16:49:21.080] [Info] Protected dungeonIds for world set to (65524)
[16:49:21.263] [Info] UniverseServer: Warping player 1 to ClientShipWorld:95a627f58d86f05b9b39a2e3dd1bc358
[16:49:21.271] [Info] Client received world stop packet, leaving: Removed
[16:49:21.274] [Info] UniverseServer: Stopping idle world CelestialWorld:-556170139:-945831092:-272712977:11
[16:49:25.463] [Info] UniverseServer: Loading celestial world -556170139:-945831092:-272712977:11
[16:49:25.597] [Info] Protected dungeonIds for world set to (65524)
[16:49:25.671] [Info] UniverseServer: Warping player 1 to CelestialWorld:-556170139:-945831092:-272712977:11
[16:49:25.680] [Info] UniverseServer: Stopping idle world ClientShipWorld:95a627f58d86f05b9b39a2e3dd1bc358
[16:49:25.687] [Info] Client received world stop packet, leaving: Removed
[16:50:03.262] [Info] UniverseServer: Loading client ship world ClientShipWorld:95a627f58d86f05b9b39a2e3dd1bc358
[16:50:03.395] [Info] Protected dungeonIds for world set to (65524)
[16:50:03.565] [Info] UniverseServer: Warping player 1 to ClientShipWorld:95a627f58d86f05b9b39a2e3dd1bc358
[16:50:03.575] [Info] UniverseServer: Stopping idle world CelestialWorld:-556170139:-945831092:-272712977:11
[16:50:03.576] [Info] Client received world stop packet, leaving: Removed
[16:50:14.433] [Info] UniverseServer: Loading celestial world -556170139:-945831092:-272712977:11
[16:50:14.567] [Info] Protected dungeonIds for world set to (65524)
[16:50:14.637] [Info] UniverseServer: Warping player 1 to CelestialWorld:-556170139:-945831092:-272712977:11
[16:50:14.640] [Info] Client received world stop packet, leaving: Removed
[16:50:14.645] [Info] UniverseServer: Stopping idle world ClientShipWorld:95a627f58d86f05b9b39a2e3dd1bc358
[16:51:42.483] [Info] UniverseServer: Loading client ship world ClientShipWorld:95a627f58d86f05b9b39a2e3dd1bc358
[16:51:42.624] [Info] Protected dungeonIds for world set to (65524)
[16:51:42.800] [Info] UniverseServer: Warping player 1 to ClientShipWorld:95a627f58d86f05b9b39a2e3dd1bc358
[16:51:42.800] [Info] Client received world stop packet, leaving: Removed
[16:51:42.814] [Info] UniverseServer: Stopping idle world CelestialWorld:-556170139:-945831092:-272712977:11
[16:51:46.903] [Info] UniverseServer: Loading celestial world -556170139:-945831092:-272712977:11
[16:51:47.037] [Info] Protected dungeonIds for world set to (65524)
[16:51:47.105] [Info] UniverseServer: Warping player 1 to CelestialWorld:-556170139:-945831092:-272712977:11
[16:51:47.116] [Info] Client received world stop packet, leaving: Removed
[16:51:47.151] [Info] UniverseServer: Stopping idle world ClientShipWorld:95a627f58d86f05b9b39a2e3dd1bc358
[16:52:52.126] [Info] UniverseServer: Loading client ship world ClientShipWorld:95a627f58d86f05b9b39a2e3dd1bc358
[16:52:52.343] [Info] Protected dungeonIds for world set to (65524)
[16:52:52.529] [Info] UniverseServer: Warping player 1 to ClientShipWorld:95a627f58d86f05b9b39a2e3dd1bc358
[16:52:52.532] [Info] Client received world stop packet, leaving: Removed
[16:52:52.540] [Info] UniverseServer: Stopping idle world CelestialWorld:-556170139:-945831092:-272712977:11
[16:52:55.953] [Info] UniverseServer: Loading celestial world -556170139:-945831092:-272712977:11
[16:52:56.098] [Info] Protected dungeonIds for world set to (65524)
[16:52:56.174] [Info] UniverseServer: Warping player 1 to CelestialWorld:-556170139:-945831092:-272712977:11
[16:52:56.175] [Info] Client received world stop packet, leaving: Removed
[16:52:56.181] [Info] UniverseServer: Stopping idle world ClientShipWorld:95a627f58d86f05b9b39a2e3dd1bc358
[16:53:29.741] [Info] UniverseServer: Loading client ship world ClientShipWorld:95a627f58d86f05b9b39a2e3dd1bc358
[16:53:29.872] [Info] Protected dungeonIds for world set to (65524)
[16:53:30.043] [Info] UniverseServer: Warping player 1 to ClientShipWorld:95a627f58d86f05b9b39a2e3dd1bc358
[16:53:30.051] [Info] UniverseServer: Stopping idle world CelestialWorld:-556170139:-945831092:-272712977:11
[16:53:30.055] [Info] Client received world stop packet, leaving: Removed
[16:53:33.489] [Info] UniverseServer: Loading celestial world -556170139:-945831092:-272712977:11
[16:53:33.623] [Info] Protected dungeonIds for world set to (65524)
[16:53:33.691] [Info] UniverseServer: Warping player 1 to CelestialWorld:-556170139:-945831092:-272712977:11
[16:53:33.698] [Info] UniverseServer: Stopping idle world ClientShipWorld:95a627f58d86f05b9b39a2e3dd1bc358
[16:53:33.701] [Info] Client received world stop packet, leaving: Removed
[16:56:09.544] [Info] UniverseServer: Loading client ship world ClientShipWorld:95a627f58d86f05b9b39a2e3dd1bc358
[16:56:09.678] [Info] Protected dungeonIds for world set to (65524)
[16:56:09.846] [Info] UniverseServer: Warping player 1 to ClientShipWorld:95a627f58d86f05b9b39a2e3dd1bc358
[16:56:09.846] [Info] Client received world stop packet, leaving: Removed
[16:56:09.858] [Info] UniverseServer: Stopping idle world CelestialWorld:-556170139:-945831092:-272712977:11
[16:56:13.996] [Info] UniverseServer: Loading celestial world -556170139:-945831092:-272712977:11
[16:56:14.130] [Info] Protected dungeonIds for world set to (65524)
[16:56:14.202] [Info] UniverseServer: Warping player 1 to CelestialWorld:-556170139:-945831092:-272712977:11
[16:56:14.205] [Info] Client received world stop packet, leaving: Removed
[16:56:14.210] [Info] UniverseServer: Stopping idle world ClientShipWorld:95a627f58d86f05b9b39a2e3dd1bc358
[16:57:12.226] [Info] UniverseServer: Loading client ship world ClientShipWorld:95a627f58d86f05b9b39a2e3dd1bc358
[16:57:12.346] [Info] Protected dungeonIds for world set to (65524)
[16:57:12.528] [Info] UniverseServer: Warping player 1 to ClientShipWorld:95a627f58d86f05b9b39a2e3dd1bc358
[16:57:12.530] [Info] Client received world stop packet, leaving: Removed
[16:57:12.541] [Info] UniverseServer: Stopping idle world CelestialWorld:-556170139:-945831092:-272712977:11
[16:57:16.537] [Info] UniverseServer: Loading celestial world -556170139:-945831092:-272712977:11
[16:57:16.674] [Info] Protected dungeonIds for world set to (65524)
[16:57:16.742] [Info] UniverseServer: Warping player 1 to CelestialWorld:-556170139:-945831092:-272712977:11
[16:57:16.751] [Info] UniverseServer: Stopping idle world ClientShipWorld:95a627f58d86f05b9b39a2e3dd1bc358
[16:57:16.758] [Info] Client received world stop packet, leaving: Removed
[16:58:30.747] [Info] UniverseServer: Loading client ship world ClientShipWorld:95a627f58d86f05b9b39a2e3dd1bc358
[16:58:30.867] [Info] Protected dungeonIds for world set to (65524)
[16:58:31.048] [Info] UniverseServer: Warping player 1 to ClientShipWorld:95a627f58d86f05b9b39a2e3dd1bc358
[16:58:31.056] [Info] UniverseServer: Stopping idle world CelestialWorld:-556170139:-945831092:-272712977:11
[16:58:31.059] [Info] Client received world stop packet, leaving: Removed
[16:58:34.813] [Info] UniverseServer: Loading celestial world -556170139:-945831092:-272712977:11
[16:58:34.947] [Info] Protected dungeonIds for world set to (65524)
[16:58:35.016] [Info] UniverseServer: Warping player 1 to CelestialWorld:-556170139:-945831092:-272712977:11
[16:58:35.021] [Info] Client received world stop packet, leaving: Removed
[16:58:35.023] [Info] UniverseServer: Stopping idle world ClientShipWorld:95a627f58d86f05b9b39a2e3dd1bc358
[16:59:20.450] [Info] UniverseServer: Loading client ship world ClientShipWorld:95a627f58d86f05b9b39a2e3dd1bc358
[16:59:20.580] [Info] Protected dungeonIds for world set to (65524)
[16:59:20.755] [Info] UniverseServer: Warping player 1 to ClientShipWorld:95a627f58d86f05b9b39a2e3dd1bc358
[16:59:20.763] [Info] Client received world stop packet, leaving: Removed
[16:59:20.763] [Info] UniverseServer: Stopping idle world CelestialWorld:-556170139:-945831092:-272712977:11
[16:59:25.083] [Info] UniverseServer: Loading celestial world -556170139:-945831092:-272712977:11
[16:59:25.219] [Info] Protected dungeonIds for world set to (65524)
[16:59:25.288] [Info] UniverseServer: Warping player 1 to CelestialWorld:-556170139:-945831092:-272712977:11
[16:59:25.291] [Info] Client received world stop packet, leaving: Removed
[16:59:25.297] [Info] UniverseServer: Stopping idle world ClientShipWorld:95a627f58d86f05b9b39a2e3dd1bc358
[16:59:33.048] [Info] UniverseServer: Loading client ship world ClientShipWorld:95a627f58d86f05b9b39a2e3dd1bc358
[16:59:33.185] [Info] Protected dungeonIds for world set to (65524)
[16:59:33.350] [Info] UniverseServer: Warping player 1 to ClientShipWorld:95a627f58d86f05b9b39a2e3dd1bc358
[16:59:33.359] [Info] UniverseServer: Stopping idle world CelestialWorld:-556170139:-945831092:-272712977:11
[16:59:33.360] [Info] Client received world stop packet, leaving: Removed
[16:59:40.358] [Info] UniverseServer: Loading celestial world -556170139:-945831092:-272712977:9
[16:59:40.487] [Info] Protected dungeonIds for world set to (1, 65524)
[16:59:40.559] [Info] UniverseServer: Warping player 1 to CelestialWorld:-556170139:-945831092:-272712977:9=04d8134ec1fc0a4be542f49d90886ebf
[16:59:40.591] [Info] Client received world stop packet, leaving: Removed
[16:59:40.661] [Info] UniverseServer: Stopping idle world ClientShipWorld:95a627f58d86f05b9b39a2e3dd1bc358
[17:06:34.350] [Info] UniverseServer: Loading client ship world ClientShipWorld:95a627f58d86f05b9b39a2e3dd1bc358
[17:06:34.469] [Info] Protected dungeonIds for world set to (65524)
[17:06:34.652] [Info] UniverseServer: Warping player 1 to ClientShipWorld:95a627f58d86f05b9b39a2e3dd1bc358
[17:06:34.658] [Info] Client received world stop packet, leaving: Removed
[17:06:34.662] [Info] UniverseServer: Stopping idle world CelestialWorld:-556170139:-945831092:-272712977:9
[17:22:18.054] [Info] UniverseServer: Loading celestial world -556170139:-945831092:-272712977:11
[17:22:18.190] [Info] Protected dungeonIds for world set to (65524)
[17:22:18.259] [Info] UniverseServer: Warping player 1 to CelestialWorld:-556170139:-945831092:-272712977:11
[17:22:18.268] [Info] UniverseServer: Stopping idle world ClientShipWorld:95a627f58d86f05b9b39a2e3dd1bc358
[17:22:18.276] [Info] Client received world stop packet, leaving: Removed
[17:25:38.913] [Info] UniverseClient: Client disconnecting...
[17:25:38.937] [Info] Client received world stop packet, leaving: Removed
[17:25:38.978] [Info] UniverseServer: Client 'Vorhassa' <1> (local) disconnected for reason: 
[17:25:38.978] [Info] UniverseServer: Reaped 1 dead connections
[17:25:38.979] [Info] UniverseServer: Stopping idle world CelestialWorld:-556170139:-945831092:-272712977:11
[17:25:39.493] [Info] UniverseServer: Stopping UniverseServer
[17:25:39.576] [Info] Clearing steam rich presence connection
[17:25:44.189] [Info] UniverseServer: Acquiring universe lock file
[17:25:44.194] [Info] UniverseServer: Loading settings
[17:25:44.196] [Info] UniverseServer: Starting UniverseServer with UUID: 326a9c3f970f20ce50947c268c7dcc60
[17:25:44.202] [Info] UniverseServer: Logged in player 'Vorhassa' locally
[17:25:44.202] [Info] UniverseServer: Logged in account '<anonymous>' as player 'Vorhassa' from address local
[17:25:44.352] [Info] UniverseServer: Loading system world (-556170139, -945831092, -272712977) from disk storage
[17:25:44.358] [Info] UniverseClient: Joined server as client 1
[17:25:44.446] [Info] UniverseServer: Reviving player at CelestialWorld:-556170139:-945831092:-272712977:11
[17:25:44.449] [Info] UniverseServer: Client 'Vorhassa' <1> (local) connected
[17:25:44.450] [Info] UniverseServer: Loading celestial world -556170139:-945831092:-272712977:11
[17:25:44.588] [Info] Protected dungeonIds for world set to (65524)
[17:25:44.589] [Info] detected supported OpenGL texture size 16384, using atlasNumCells 64
[17:25:44.589] [Info] detected supported OpenGL texture size 16384, using atlasNumCells 128
[17:25:44.594] [Info] detected supported OpenGL texture size 16384, using atlasNumCells 256
[17:25:44.594] [Info] detected supported OpenGL texture size 16384, using atlasNumCells 256
[17:25:44.594] [Info] Setting steam rich presence connection as steam id 76561198101765637
[17:25:44.658] [Info] UniverseServer: Warping player 1 to CelestialWorld:-556170139:-945831092:-272712977:11=1937.71.737
[17:34:46.617] [Info] UniverseServer: Loading client ship world ClientShipWorld:95a627f58d86f05b9b39a2e3dd1bc358
[17:34:46.741] [Info] Protected dungeonIds for world set to (65524)
[17:34:46.917] [Info] UniverseServer: Warping player 1 to ClientShipWorld:95a627f58d86f05b9b39a2e3dd1bc358
[17:34:46.927] [Info] UniverseServer: Stopping idle world CelestialWorld:-556170139:-945831092:-272712977:11
[17:34:46.929] [Info] Client received world stop packet, leaving: Removed
[17:35:05.427] [Info] UniverseServer: Loading celestial world -556170139:-945831092:-272712977:11
[17:35:05.566] [Info] Protected dungeonIds for world set to (65524)
[17:35:05.633] [Info] UniverseServer: Warping player 1 to CelestialWorld:-556170139:-945831092:-272712977:11
[17:35:05.642] [Info] UniverseServer: Stopping idle world ClientShipWorld:95a627f58d86f05b9b39a2e3dd1bc358
[17:35:05.647] [Info] Client received world stop packet, leaving: Removed
[17:35:13.280] [Info] UniverseServer: Loading client ship world ClientShipWorld:95a627f58d86f05b9b39a2e3dd1bc358
[17:35:13.398] [Info] Protected dungeonIds for world set to (65524)
[17:35:13.582] [Info] UniverseServer: Warping player 1 to ClientShipWorld:95a627f58d86f05b9b39a2e3dd1bc358
[17:35:13.591] [Info] UniverseServer: Stopping idle world CelestialWorld:-556170139:-945831092:-272712977:11
[17:35:13.595] [Info] Client received world stop packet, leaving: Removed
[17:35:20.466] [Info] UniverseServer: Loading celestial world -556170139:-945831092:-272712977:9
[17:35:20.597] [Info] Protected dungeonIds for world set to (1, 65524)
[17:35:20.667] [Info] UniverseServer: Warping player 1 to CelestialWorld:-556170139:-945831092:-272712977:9=04d8134ec1fc0a4be542f49d90886ebf
[17:35:20.693] [Info] Client received world stop packet, leaving: Removed
[17:35:20.768] [Info] UniverseServer: Stopping idle world ClientShipWorld:95a627f58d86f05b9b39a2e3dd1bc358
[17:35:47.673] [Info] Chat: <SAIL> You obtained an Enviro Protection Pack (EPP). These specialised devices enable the user to survive in otherwise inhospitable environments. You can also enhance EPPs with augments.
[17:39:46.362] [Info] UniverseServer: Loading client ship world ClientShipWorld:95a627f58d86f05b9b39a2e3dd1bc358
[17:39:46.471] [Info] Protected dungeonIds for world set to (65524)
[17:39:46.664] [Info] UniverseServer: Warping player 1 to ClientShipWorld:95a627f58d86f05b9b39a2e3dd1bc358
[17:39:46.675] [Info] UniverseServer: Stopping idle world CelestialWorld:-556170139:-945831092:-272712977:9
[17:39:46.683] [Info] Client received world stop packet, leaving: Removed
[17:40:13.923] [Info] Flying ship for player 1 to -556170139:-945831092:-272712977:9:1
[17:40:23.772] [Info] UniverseServer: Loading celestial world -556170139:-945831092:-272712977:9:1
[17:40:23.820] [Info] Protected dungeonIds for world set to (65524)
[17:40:23.875] [Info] UniverseServer: Arriving ship for player 1 at -556170139:-945831092:-272712977:9:1
[17:40:23.876] [Info] UniverseServer: Stopping idle world CelestialWorld:-556170139:-945831092:-272712977:9:1
[17:40:42.601] [Info] UniverseServer: Loading celestial world -556170139:-945831092:-272712977:9:1
[17:40:42.648] [Info] Protected dungeonIds for world set to (65524)
[17:40:42.702] [Info] UniverseServer: Warping player 1 to CelestialWorld:-556170139:-945831092:-272712977:9:1
[17:40:42.705] [Info] UniverseServer: Stopping idle world ClientShipWorld:95a627f58d86f05b9b39a2e3dd1bc358
[17:40:42.706] [Info] Client received world stop packet, leaving: Removed
[17:41:12.170] [Info] Chat: <SAIL> I am detecting entities attracted by the moon's erchius deposits. Their interest in you will grow as you collect more fuel. I would define these entities as 'intractably deadly'. I salute your fearlessness.
[17:44:59.645] [Info] UniverseServer: Loading client ship world ClientShipWorld:95a627f58d86f05b9b39a2e3dd1bc358
[17:44:59.755] [Info] Protected dungeonIds for world set to (65524)
[17:44:59.948] [Info] UniverseServer: Warping player 1 to ClientShipWorld:95a627f58d86f05b9b39a2e3dd1bc358
[17:44:59.956] [Info] UniverseServer: Stopping idle world CelestialWorld:-556170139:-945831092:-272712977:9:1
[17:44:59.957] [Info] Client received world stop packet, leaving: Removed
[17:45:31.945] [Info] UniverseServer: Loading celestial world -556170139:-945831092:-272712977:9:1
[17:45:31.991] [Info] Protected dungeonIds for world set to (65524)
[17:45:32.046] [Info] UniverseServer: Warping player 1 to CelestialWorld:-556170139:-945831092:-272712977:9:1
[17:45:32.058] [Info] Client received world stop packet, leaving: Removed
[17:45:32.060] [Info] UniverseServer: Stopping idle world ClientShipWorld:95a627f58d86f05b9b39a2e3dd1bc358
[17:46:14.673] [Info] Chat: <SAIL> I am detecting entities attracted by the moon's erchius deposits. Their interest in you will grow as you collect more fuel. I would define these entities as 'intractably deadly'. I salute your fearlessness.
[17:46:29.344] [Info] UniverseServer: Loading client ship world ClientShipWorld:95a627f58d86f05b9b39a2e3dd1bc358
[17:46:29.460] [Info] Protected dungeonIds for world set to (65524)
[17:46:29.646] [Info] UniverseServer: Warping player 1 to ClientShipWorld:95a627f58d86f05b9b39a2e3dd1bc358
[17:46:29.657] [Info] UniverseServer: Stopping idle world CelestialWorld:-556170139:-945831092:-272712977:9:1
[17:46:29.658] [Info] Client received world stop packet, leaving: Removed
[17:49:36.103] [Info] Flying ship for player 1 to -556170139:-945831092:-272712977
[17:49:44.452] [Info] UniverseServer: Arriving ship for player 1 at -556170139:-945831092:-272712977
[17:49:52.549] [Info] UniverseClient: Client disconnecting...
[17:49:52.638] [Info] Client received world stop packet, leaving: Removed
[17:49:52.838] [Info] UniverseServer: Client 'Vorhassa' <1> (local) disconnected for reason: 
[17:49:52.839] [Info] UniverseServer: Stopping idle world ClientShipWorld:95a627f58d86f05b9b39a2e3dd1bc358
[17:49:53.249] [Info] UniverseServer: Stopping UniverseServer
[17:49:53.333] [Info] Clearing steam rich presence connection
[17:49:54.913] [Info] Application: quit requested
[17:49:54.913] [Info] Application: quitting...
[17:49:54.913] [Info] Application: shutdown...
[17:49:55.134] [Info] Root: Shutting down Root
[17:49:55.650] [Info] Application: Destroying SDL Window
[17:49:55.761] [Info] Application: stopped gracefully
